[2017-05-18T13:52:49] [Failed] CheckWebSiteLoad_EnterBlogURL_OpenBlogHomePage
  Expected string length 13 but was 12. Strings differ at index 12.
  Expected: "SOFTUNI BLOGy"
  But was:  "SOFTUNI BLOG"
  -----------------------^

[2017-05-18T14:22:41] [Failed] CheckWebSiteLoad_EnterBlogURL_OpenBlogHomePage
System.NullReferenceException : Object reference not set to an instance of an object.
[2017-05-18T14:27:57] [Passed] CheckWebSiteLoad_EnterBlogURL_OpenBlogHomePage
[2017-05-18T14:51:20] [Passed] CheckWebSiteLoad_EnterBlogURL_OpenBlogHomePage
[2017-05-18T15:16:14] [Passed] CheckWebSiteLoad_EnterBlogURL_OpenBlogHomePage
[2017-05-18T15:23:43] [Passed] CheckWebSiteLoad_EnterBlogURL_OpenBlogHomePage
[2017-05-18T15:28:53] [Passed] CheckWebSiteLoad_EnterBlogURL_OpenBlogHomePage
[2017-05-18T15:42:28] [Passed] CheckWebSiteLoad_EnterBlogURL_OpenBlogHomePage
[2017-05-18T16:00:04] [Passed] CheckWebSiteLoad_EnterBlogURL_OpenBlogHomePage
[2017-05-18T16:02:28] [Passed] CheckWebSiteLoad_EnterBlogURL_OpenBlogHomePage
[2017-05-21T13:38:15] [Failed] CheckWebSiteLoad_EnterBlogURL_OpenBlogHomePage
System.Data.OleDb.OleDbException : Syntax error in string in query expression 'key = 'CheckWebSiteLoad_EnterBlogURL_OpenBlogHomePage'.
[2017-05-21T13:39:20] [Failed] CheckWebSiteLoad_EnterBlogURL_OpenBlogHomePage
System.Data.OleDb.OleDbException : Syntax error in string in query expression 'Key = 'CheckWebSiteLoad_EnterBlogURL_OpenBlogHomePage'.
[2017-05-21T13:40:32] [Failed] CheckWebSiteLoad_EnterBlogURL_OpenBlogHomePage
System.Data.OleDb.OleDbException : No value given for one or more required parameters.
[2017-05-21T13:41:17] [Failed] CheckWebSiteLoad_EnterBlogURL_OpenBlogHomePage
System.Data.OleDb.OleDbException : No value given for one or more required parameters.
[2017-05-21T13:42:19] [Passed] CheckWebSiteLoad_EnterBlogURL_OpenBlogHomePage
[2017-05-21T13:56:40] [Passed] CheckWebSiteLoad_EnterBlogURL_OpenBlogHomePage
[2017-05-21T13:59:04] [Passed] CheckWebSiteLoad_EnterBlogURL_OpenBlogHomePage
[2017-05-21T14:01:43] [Passed] CheckWebSiteLoad_EnterBlogURL_OpenBlogHomePage
[2017-05-21T14:02:49] [Failed] CheckWebSiteLoad_EnterBlogURL_OpenBlogHomePage
  Expected string length 13 but was 12. Strings differ at index 12.
  Expected: "SOFTUNI BLOG1"
  But was:  "SOFTUNI BLOG"
  -----------------------^

[2017-05-21T14:05:11] [Failed] CheckWebSiteLoad_EnterBlogURL_OpenBlogHomePage
  Expected string length 13 but was 12. Strings differ at index 12.
  Expected: "SOFTUNI BLOG1"
  But was:  "SOFTUNI BLOG"
  -----------------------^

[2017-05-21T14:05:53] [Passed] CheckWebSiteLoad_EnterBlogURL_OpenBlogHomePage
[2017-05-21T14:06:17] [Failed] CheckWebSiteLoad_EnterBlogURL_OpenBlogHomePage
  Expected string length 13 but was 12. Strings differ at index 12.
  Expected: "SOFTUNI BLOG1"
  But was:  "SOFTUNI BLOG"
  -----------------------^

[2017-05-21T14:06:39] [Failed] CheckWebSiteLoad_EnterBlogURL_OpenBlogHomePage
  Expected string length 13 but was 12. Strings differ at index 12.
  Expected: "SOFTUNI BLOG1"
  But was:  "SOFTUNI BLOG"
  -----------------------^

[2017-05-21T14:13:42] [Failed] CheckWebSiteLoad_EnterBlogURL_OpenBlogHomePage
System.Data.OleDb.OleDbException : No value given for one or more required parameters.
[2017-05-21T14:16:15] [Failed] CheckWebSiteLoad_EnterBlogURL_OpenBlogHomePage
  Expected string length 13 but was 12. Strings differ at index 12.
  Expected: "SOFTUNI BLOG1"
  But was:  "SOFTUNI BLOG"
  -----------------------^

[2017-05-21T14:17:47] [Failed] CheckWebSiteLoad_EnterBlogURL_OpenBlogHomePage
System.Data.OleDb.OleDbException : No value given for one or more required parameters.
[2017-05-21T14:19:54] [Failed] CheckWebSiteLoad_EnterBlogURL_OpenBlogHomePage
System.Data.OleDb.OleDbException : No value given for one or more required parameters.
[2017-05-21T14:20:27] [Failed] CheckWebSiteLoad_EnterBlogURL_OpenBlogHomePage
  Expected string length 13 but was 12. Strings differ at index 12.
  Expected: "SOFTUNI BLOG1"
  But was:  "SOFTUNI BLOG"
  -----------------------^

[2017-05-21T14:25:08] [Failed] CheckWebSiteLoad_EnterBlogURL_OpenBlogHomePage
  Expected string length 13 but was 12. Strings differ at index 12.
  Expected: "SOFTUNI BLOG1"
  But was:  "SOFTUNI BLOG"
  -----------------------^

[2017-05-21T14:27:24] [Failed] CheckWebSiteLoad_EnterBlogURL_OpenBlogHomePage
  Expected string length 13 but was 12. Strings differ at index 12.
  Expected: "SOFTUNI BLOG1"
  But was:  "SOFTUNI BLOG"
  -----------------------^

[2017-05-21T14:27:59] [Failed] CheckWebSiteLoad_EnterBlogURL_OpenBlogHomePage
  Expected string length 13 but was 12. Strings differ at index 12.
  Expected: "SOFTUNI BLOG1"
  But was:  "SOFTUNI BLOG"
  -----------------------^

[2017-05-21T14:28:40] [Failed] CheckWebSiteLoad_EnterBlogURL_OpenBlogHomePage
  Expected string length 13 but was 12. Strings differ at index 12.
  Expected: "SOFTUNI BLOG1"
  But was:  "SOFTUNI BLOG"
  -----------------------^

[2017-05-21T14:29:07] [Passed] CheckWebSiteLoad_EnterBlogURL_OpenBlogHomePage
[2017-05-21T14:47:18] [Passed] CheckWebSiteLoad_EnterBlogURL_OpenBlogHomePage
[2017-05-21T14:53:17] [Passed] CheckWebSiteLoad_EnterBlogURL_OpenBlogHomePage
[2017-05-21T14:54:00] [Passed] CheckWebSiteLoad_EnterBlogURL_OpenBlogHomePage
[2017-05-21T15:04:51] [Passed] CheckWebSiteLoad_EnterBlogURL_OpenBlogHomePage
[2017-05-21T15:05:14] [Passed] CheckWebSiteLoad_EnterBlogURL_OpenBlogHomePage
[2017-05-21T15:32:43] [Passed] CheckWebSiteLoad_EnterBlogURL_OpenBlogHomePage
[2017-05-21T15:33:41] [Passed] CheckWebSiteLoad_EnterBlogURL_OpenBlogHomePage
[2017-05-21T15:40:20] [Passed] CheckWebSiteLoad_EnterBlogURL_OpenBlogHomePage
[2017-05-23T12:05:33] [Failed] Register_UniqueCredentials_RegisterSuccessful
  Expected string length 58 but was 59. Strings differ at index 5.
  Expected: "Hello61a666a4-b71f-4395-8f04-0634efb6bfd1@uniqueemail.com!"
  But was:  "Hello 61a666a4-b71f-4395-8f04-0634efb6bfd1@uniqueemail.com!"
  ----------------^

[2017-05-23T12:06:48] [Passed] Register_UniqueCredentials_RegisterSuccessful
[2017-05-23T13:52:33] [Failed] Login_ValidCredentials_LoginSuccessful
System.InvalidOperationException : Failed to decode response from marionette
[2017-05-23T13:58:22] [Failed] Login_ValidCredentials_LoginSuccessful
System.ArgumentNullException : Value cannot be null.
Parameter name: name
[2017-05-23T13:59:21] [Passed] Login_ValidCredentials_LoginSuccessful
[2017-05-23T14:15:45] [Passed] Login_ValidCredentials_LoginSuccessful
[2017-05-23T14:33:34] [Failed] Logoff_ClickLogoffLink_LogoffSuccessful
OpenQA.Selenium.NoSuchElementException : Unable to locate element: //*[@id='logoutForm']/ul/li[2]/a
[2017-05-23T14:38:48] [Failed] Logoff_ClickLogoffLink_LogoffSuccessful
System.ArgumentException : Object of type 'Blog.UI.Tests.Pages.LoginPage.LoginPage' cannot be converted to type 'Blog.UI.Tests.Pages.HomePage.HomePage'.
[2017-05-23T14:44:04] [Passed] Logoff_ClickLogoffLink_LogoffSuccessful
[2017-05-23T15:18:20] [Passed] CheckWebSiteLoad_EnterBlogURL_OpenBlogHomePage
[2017-05-23T15:18:22] [Passed] Login_ValidCredentials_LoginSuccessful
[2017-05-23T15:18:22] [Passed] Logoff_ClickLogoffLink_LogoffSuccessful
[2017-05-23T15:18:33] [Failed] Register_UniqueCredentials_RegisterSuccessful
OpenQA.Selenium.NoSuchElementException : Unable to locate element: //*[@id='logoutForm']/ul/li[2]/a
[2017-05-23T15:27:27] [Passed] CheckWebSiteLoad_EnterBlogURL_OpenBlogHomePage
[2017-05-23T15:27:29] [Passed] Login_ValidCredentials_LoginSuccessful
[2017-05-23T15:27:30] [Passed] Logoff_ClickLogoffLink_LogoffSuccessful
[2017-05-23T15:27:41] [Failed] Register_UniqueCredentials_RegisterSuccessful
OpenQA.Selenium.NoSuchElementException : Unable to locate element: //*[@id='logoutForm']/ul/li[2]/a
[2017-05-23T15:39:07] [Passed] CheckWebSiteLoad_EnterBlogURL_OpenBlogHomePage
[2017-05-23T15:39:09] [Passed] Login_ValidCredentials_LoginSuccessful
[2017-05-23T15:39:11] [Passed] Logoff_ClickLogoffLink_LogoffSuccessful
[2017-05-23T15:39:22] [Failed] Register_UniqueCredentials_RegisterSuccessful
OpenQA.Selenium.NoSuchElementException : Unable to locate element: //*[@id='logoutForm']/ul/li[2]/a
[2017-05-23T15:47:29] [Passed] CheckWebSiteLoad_EnterBlogURL_OpenBlogHomePage
[2017-05-23T15:47:31] [Passed] Login_ValidCredentials_LoginSuccessful
[2017-05-23T15:47:32] [Passed] Logoff_ClickLogoffLink_LogoffSuccessful
[2017-05-23T15:47:43] [Failed] Register_UniqueCredentials_RegisterSuccessful
OpenQA.Selenium.WebDriverTimeoutException : Timed out after 10 seconds
  ----> OpenQA.Selenium.NoSuchElementException : Unable to locate element: //*[@id='logoutForm']/ul/li[2]/a
[2017-05-23T15:56:48] [Passed] CheckWebSiteLoad_EnterBlogURL_OpenBlogHomePage
[2017-05-23T15:56:50] [Passed] Login_ValidCredentials_LoginSuccessful
[2017-05-23T15:56:51] [Passed] Logoff_ClickLogoffLink_LogoffSuccessful
[2017-05-23T15:57:02] [Failed] Register_UniqueCredentials_RegisterSuccessful
OpenQA.Selenium.WebDriverTimeoutException : Timed out after 10 seconds
  ----> OpenQA.Selenium.InvalidSelectorException : Given xpath expression "//[@id='logoutForm']/ul/li[2]/a" is invalid: SyntaxError: The expression is not a legal expression.
[2017-05-23T15:59:36] [Failed] Register_UniqueCredentials_RegisterSuccessful
  Expected string length 53 but was 6. Strings differ at index 0.
  Expected: "Hello 22300098-4e09-42ef-b862-6e261307d230@email.com!"
  But was:  "Log in"
  -----------^

[2017-05-23T16:01:15] [Failed] Register_UniqueCredentials_RegisterSuccessful
OpenQA.Selenium.WebDriverTimeoutException : Timed out after 10 seconds
  ----> OpenQA.Selenium.InvalidSelectorException : Given xpath expression "//[@id='logoutForm']/ul/li[2]/a" is invalid: SyntaxError: The expression is not a legal expression.
[2017-05-23T16:02:33] [Passed] Register_UniqueCredentials_RegisterSuccessful
[2017-05-23T17:20:05] [Passed] CheckWebSiteLoad_EnterBlogURL_OpenBlogHomePage
[2017-05-23T17:20:07] [Passed] Login_ValidCredentials_LoginSuccessful
[2017-05-23T17:20:09] [Failed] Logoff_ClickLogoffLink_LogoffSuccessful
System.InvalidOperationException : Failed to decode response from marionette
[2017-05-23T17:20:09] [Failed] Register_UniqueCredentials_RegisterSuccessful
System.InvalidOperationException : Tried to run command without establishing a connection
[2017-05-23T17:20:44] [Passed] CheckWebSiteLoad_EnterBlogURL_OpenBlogHomePage
[2017-05-23T17:20:46] [Passed] Login_ValidCredentials_LoginSuccessful
[2017-05-23T17:20:56] [Failed] Logoff_ClickLogoffLink_LogoffSuccessful
OpenQA.Selenium.NoSuchElementException : Unable to locate element: #loginLink
[2017-05-23T17:20:57] [Failed] Register_UniqueCredentials_RegisterSuccessful
System.Reflection.TargetInvocationException : Exception has been thrown by the target of an invocation.
  ----> OpenQA.Selenium.StaleElementReferenceException : The element reference of <a> stale: either the element is no longer attached to the DOM or the page has been refreshed
[2017-05-23T17:22:07] [Failed] Logoff_ClickLogoffLink_LogoffSuccessful
OpenQA.Selenium.WebDriverException : Unexpected error. System.Net.WebException: Unable to connect to the remote server ---> System.Net.Sockets.SocketException: No connection could be made because the target machine actively refused it [::1]:1328
   at System.Net.Sockets.Socket.DoConnect(EndPoint endPointSnapshot, SocketAddress socketAddress)
   at System.Net.ServicePoint.ConnectSocketInternal(Boolean connectFailure, Socket s4, Socket s6, Socket& socket, IPAddress& address, ConnectSocketState state, IAsyncResult asyncResult, Exception& exception)
   --- End of inner exception stack trace ---
   at System.Net.HttpWebRequest.GetRequestStream(TransportContext& context)
   at System.Net.HttpWebRequest.GetRequestStream()
   at OpenQA.Selenium.Remote.HttpCommandExecutor.Execute(Command commandToExecute)
   at OpenQA.Selenium.Remote.DriverServiceCommandExecutor.Execute(Command commandToExecute)
   at OpenQA.Selenium.Remote.RemoteWebDriver.Execute(String driverCommandToExecute, Dictionary`2 parameters)
[2017-05-23T17:22:27] [Passed] Logoff_ClickLogoffLink_LogoffSuccessful
[2017-05-23T17:22:42] [Passed] Register_UniqueCredentials_RegisterSuccessful
[2017-05-23T22:03:10] [Passed] CheckWebSiteLoad_EnterBlogURL_OpenBlogHomePage
[2017-05-23T22:03:12] [Passed] Login_ValidCredentials_LoginSuccessful
[2017-05-23T22:03:13] [Passed] Logoff_ClickLogoffLink_LogoffSuccessful
[2017-05-23T22:03:23] [Failed] Register_UniqueCredentials_RegisterSuccessful
System.InvalidOperationException : Failed to decode response from marionette
[2017-05-23T22:14:16] [Passed] CheckWebSiteLoad_EnterBlogURL_OpenBlogHomePage
[2017-05-23T22:14:18] [Passed] Login_ValidCredentials_LoginSuccessful
[2017-05-23T22:14:19] [Failed] Logoff_ClickLogoffLink_LogoffSuccessful
  String lengths are both 59. Strings differ at index 6.
  Expected: "Hello 7393f90a-85a1-4917-a2c2-fce8651240c9@uniqueemail.com!"
  But was:  "Hello 13666c18-b71d-4e2a-9ec1-da4303a2da43@uniqueemail.com!"
  -----------------^

[2017-05-23T22:14:19] [Failed] Register_UniqueCredentials_RegisterSuccessful
  String lengths are both 59. Strings differ at index 6.
  Expected: "Hello 4ebf8184-80d7-4e20-9c98-3f140a305e36@uniqueemail.com!"
  But was:  "Hello 7393f90a-85a1-4917-a2c2-fce8651240c9@uniqueemail.com!"
  -----------------^

[2017-05-23T22:14:48] [Passed] CheckWebSiteLoad_EnterBlogURL_OpenBlogHomePage
[2017-05-23T22:14:50] [Passed] Login_ValidCredentials_LoginSuccessful
[2017-05-23T22:15:01] [Failed] Logoff_ClickLogoffLink_LogoffSuccessful
OpenQA.Selenium.NoSuchElementException : Unable to locate element: #loginLink
[2017-05-23T22:15:02] [Failed] Register_UniqueCredentials_RegisterSuccessful
  String lengths are both 59. Strings differ at index 7.
  Expected: "Hello d5471ee7-0fac-4a42-9a62-d95989508764@uniqueemail.com!"
  But was:  "Hello df9d6812-ca7e-4bae-ade0-942e02ba0aa4@uniqueemail.com!"
  ------------------^

[2017-05-23T22:15:35] [Passed] CheckWebSiteLoad_EnterBlogURL_OpenBlogHomePage
[2017-05-23T22:15:37] [Passed] Login_ValidCredentials_LoginSuccessful
[2017-05-23T22:15:38] [Passed] Logoff_ClickLogoffLink_LogoffSuccessful
[2017-05-23T22:15:39] [Passed] Register_UniqueCredentials_RegisterSuccessful
[2017-05-23T22:18:04] [Passed] CheckWebSiteLoad_EnterBlogURL_OpenBlogHomePage
[2017-05-23T22:18:06] [Passed] Login_ValidCredentials_LoginSuccessful
[2017-05-23T22:18:07] [Passed] Logoff_ClickLogoffLink_LogoffSuccessful
[2017-05-23T22:18:08] [Passed] Register_UniqueCredentials_RegisterSuccessful
[2017-05-23T22:27:57] [Passed] CheckWebSiteLoad_EnterBlogURL_OpenBlogHomePage
[2017-05-23T22:27:59] [Passed] Login_ValidCredentials_LoginSuccessful
[2017-05-23T22:28:00] [Passed] Logoff_ClickLogoffLink_LogoffSuccessful
[2017-05-23T22:28:01] [Passed] Register_UniqueCredentials_RegisterSuccessful
[2017-05-23T22:31:57] [Passed] CheckWebSiteLoad_EnterBlogURL_OpenBlogHomePage
[2017-05-23T22:31:59] [Passed] Login_ValidCredentials_LoginSuccessful
[2017-05-23T22:32:00] [Passed] Logoff_ClickLogoffLink_LogoffSuccessful
[2017-05-23T22:32:01] [Passed] Register_UniqueCredentials_RegisterSuccessful
[2017-05-23T22:34:09] [Passed] CheckWebSiteLoad_EnterBlogURL_OpenBlogHomePage
[2017-05-23T22:34:11] [Passed] Login_ValidCredentials_LoginSuccessful
[2017-05-23T22:34:12] [Passed] Logoff_ClickLogoffLink_LogoffSuccessful
[2017-05-23T22:34:13] [Passed] Register_UniqueCredentials_RegisterSuccessful
[2017-05-23T22:36:08] [Passed] CheckWebSiteLoad_EnterBlogURL_OpenBlogHomePage
[2017-05-23T22:36:10] [Passed] Login_ValidCredentials_LoginSuccessful
[2017-05-23T22:36:11] [Passed] Logoff_ClickLogoffLink_LogoffSuccessful
[2017-05-23T22:36:12] [Passed] Register_UniqueCredentials_RegisterSuccessful
[2017-05-23T22:41:05] [Passed] CheckWebSiteLoad_EnterBlogURL_OpenBlogHomePage
[2017-05-23T22:41:08] [Passed] Login_ValidCredentials_LoginSuccessful
[2017-05-23T22:41:09] [Passed] Logoff_ClickLogoffLink_LogoffSuccessful
[2017-05-23T22:41:09] [Passed] Register_UniqueCredentials_RegisterSuccessful
[2017-05-23T22:43:12] [Passed] CheckWebSiteLoad_EnterBlogURL_OpenBlogHomePage
[2017-05-23T22:43:15] [Passed] Login_ValidCredentials_LoginSuccessful
[2017-05-23T22:43:26] [Failed] Logoff_ClickLogoffLink_LogoffSuccessful
OpenQA.Selenium.NoSuchElementException : Unable to locate element: #loginLink
[2017-05-23T22:43:27] [Failed] Register_UniqueCredentials_RegisterSuccessful
  String lengths are both 59. Strings differ at index 6.
  Expected: "Hello 8eba2416-0aca-49d3-b002-2200c9fb7c28@uniqueemail.com!"
  But was:  "Hello 2decb019-0e2d-4b21-bafc-1c8e87266b76@uniqueemail.com!"
  -----------------^

[2017-05-23T22:50:12] [Passed] CheckWebSiteLoad_EnterBlogURL_OpenBlogHomePage
[2017-05-23T22:50:14] [Passed] Login_ValidCredentials_LoginSuccessful
[2017-05-23T22:50:15] [Passed] Logoff_ClickLogoffLink_LogoffSuccessful
[2017-05-23T22:50:16] [Passed] Register_UniqueCredentials_RegisterSuccessful
[2017-05-24T11:29:42] [Passed] CheckWebSiteLoad_EnterBlogURL_OpenBlogHomePage
[2017-05-24T11:29:44] [Passed] Login_ValidCredentials_LoginSuccessful
[2017-05-24T11:29:46] [Passed] Logoff_ClickLogoffLink_LogoffSuccessful
[2017-05-24T11:29:47] [Passed] Register_UniqueCredentials_RegisterSuccessful
[2017-05-24T12:32:43] [Passed] CheckWebSiteLoad_EnterBlogURL_OpenBlogHomePage
[2017-05-24T12:32:46] [Passed] Login_ValidCredentials_LoginSuccessful
[2017-05-24T12:32:47] [Passed] Logoff_ClickLogoffLink_LogoffSuccessful
[2017-05-24T12:32:49] [Passed] Register_UniqueCredentials_RegisterSuccessful
[2017-05-25T16:21:27] [Passed] Register_UniqueCredentials_RegisterSuccessful
[2017-05-25T17:53:13] [Failed] Create_ValidFieldEntries_ArticleCreated
OpenQA.Selenium.NoSuchElementException : Unable to locate element: #Title
[2017-05-25T17:54:29] [Failed] Create_ValidFieldEntries_ArticleCreated
  Expected string length 36 but was 59. Strings differ at index 0.
  Expected: "885aa18e-0943-4a44-98a5-6a8752fe62de"
  But was:  "Hello 885aa18e-0943-4a44-98a5-6a8752fe62de@uniqueemail.com!"
  -----------^

[2017-05-25T17:57:25] [Failed] Create_ValidFieldEntries_ArticleCreated
OpenQA.Selenium.NoSuchElementException : Unable to locate element: //h2[contains(text(), '21622f2c-54f9-4e07-9490-ce8520af7434')]
[2017-05-25T17:58:14] [Failed] Create_ValidFieldEntries_ArticleCreated
OpenQA.Selenium.InvalidSelectorException : Given xpath expression "//*h2[contains(text(), 'd8a0cf8f-c324-430b-bee2-f2c7da38ed46')]" is invalid: SyntaxError: The expression is not a legal expression.
[2017-05-25T17:59:10] [Failed] Create_ValidFieldEntries_ArticleCreated
OpenQA.Selenium.NoSuchElementException : Unable to locate element: *//h2[contains(text(), '13492722-709a-4b62-8205-266495afa23c')]
[2017-05-25T18:13:29] [Failed] Create_ValidFieldEntries_ArticleCreated
OpenQA.Selenium.NoSuchElementException : Unable to locate element: //h2[contains(text(), 'Article 1d278423-d033-4df4-9bd0-dd20d58e0650')]
[2017-05-25T18:13:55] [Failed] Create_ValidFieldEntries_ArticleCreated
OpenQA.Selenium.InvalidSelectorException : Given xpath expression "//[contains(text(), 'Article 5e46e374-141f-465a-b6e5-22759e30435f')]" is invalid: SyntaxError: The expression is not a legal expression.
[2017-05-25T18:14:40] [Failed] Create_ValidFieldEntries_ArticleCreated
  Expected string length 36 but was 44. Strings differ at index 0.
  Expected: "6db46191-8a09-41e5-b7c6-90d990274a0f"
  But was:  "Article 6db46191-8a09-41e5-b7c6-90d990274a0f"
  -----------^

[2017-05-25T18:16:47] [Failed] Create_ValidFieldEntries_ArticleCreated
  Expected string length 43 but was 44. Strings differ at index 7.
  Expected: "Articlea66c685c-cf9d-445e-a6f5-cc6f82a172c3"
  But was:  "Article a66c685c-cf9d-445e-a6f5-cc6f82a172c3"
  ------------------^

[2017-05-25T18:17:52] [Failed] Create_ValidFieldEntries_ArticleCreated
OpenQA.Selenium.NoSuchElementException : Unable to locate element: //*[contains(text(), 'Article 8b2d9a52-108d-4d7a-9f5d-b326ee314b32')]
[2017-05-25T18:18:25] [Passed] Create_ValidFieldEntries_ArticleCreated
[2017-05-25T18:27:14] [Failed] Create_ValidFieldEntries_ArticleCreated
System.Reflection.TargetParameterCountException : Parameter count mismatch.
[2017-05-25T18:30:20] [Failed] Create_ValidFieldEntries_ArticleCreated
System.Reflection.TargetParameterCountException : Parameter count mismatch.
[2017-05-25T18:33:17] [Passed] Create_ValidFieldEntries_ArticleCreated
[2017-05-25T18:41:37] [Passed] Create_ValidFieldEntries_ArticleCreated
[2017-05-25T18:41:37] [Passed] CheckWebSiteLoad_EnterBlogURL_OpenBlogHomePage
[2017-05-25T18:41:38] [Passed] Login_ValidCredentials_LoginSuccessful
[2017-05-25T18:41:39] [Passed] Logoff_ClickLogoffLink_LogoffSuccessful
[2017-05-25T18:41:40] [Passed] Register_UniqueCredentials_RegisterSuccessful
[2017-05-25T19:17:11] [Passed] Create_ValidFieldEntries_ArticleCreated
[2017-05-25T21:20:47] [Failed] Edit_ChangeContent_ContentChanged
  Expected string length 6 but was 16. Strings differ at index 0.
  Expected: "Edited"
  But was:  "Test 1 TEst edit"
  -----------^

[2017-05-25T21:26:06] [Failed] Edit_ChangeContent_ContentChanged
  Expected string length 6 but was 16. Strings differ at index 0.
  Expected: "Edited"
  But was:  "Test 1 TEst edit"
  -----------^

[2017-05-25T21:27:52] [Passed] Edit_ChangeContent_ContentChanged
[2017-05-25T21:31:15] [Passed] Create_ValidFieldEntries_ArticleCreated
[2017-05-25T21:31:19] [Passed] Edit_ChangeContent_ContentChanged
[2017-05-25T21:31:20] [Passed] CheckWebSiteLoad_EnterBlogURL_OpenBlogHomePage
[2017-05-25T21:31:20] [Failed] Login_ValidCredentials_LoginSuccessful
  String lengths are both 59. Strings differ at index 6.
  Expected: "Hello afe8d512-e84a-4ded-b660-1d47577a3a5c@uniqueemail.com!"
  But was:  "Hello d399e2f1-0787-4fc8-91f9-a98b0fae48ba@uniqueemail.com!"
  -----------------^

[2017-05-25T21:31:21] [Passed] Logoff_ClickLogoffLink_LogoffSuccessful
[2017-05-25T21:31:22] [Passed] Register_UniqueCredentials_RegisterSuccessful
[2017-05-25T21:51:30] [Passed] Create_ValidFieldEntries_ArticleCreated
[2017-05-25T21:51:35] [Passed] Edit_ChangeContent_ContentChanged
[2017-05-25T21:51:35] [Passed] CheckWebSiteLoad_EnterBlogURL_OpenBlogHomePage
[2017-05-25T21:51:36] [Failed] Login_ValidCredentials_LoginSuccessful
  String lengths are both 59. Strings differ at index 6.
  Expected: "Hello 0170f8e7-e5f5-4315-bb0f-c89d28dd129d@uniqueemail.com!"
  But was:  "Hello 366b85f9-8006-41d5-b087-e25f2230234d@uniqueemail.com!"
  -----------------^

[2017-05-25T21:51:47] [Failed] Logoff_ClickLogoffLink_LogoffSuccessful
OpenQA.Selenium.NoSuchElementException : Unable to locate element: #loginLink
[2017-05-25T21:51:48] [Failed] Register_UniqueCredentials_RegisterSuccessful
  String lengths are both 59. Strings differ at index 6.
  Expected: "Hello b1506eeb-6297-4ec2-af4c-a65b05016bf8@uniqueemail.com!"
  But was:  "Hello fa2e87eb-b692-47c0-9a9a-d7a06d663396@uniqueemail.com!"
  -----------------^

[2017-05-25T21:56:48] [Passed] Create_ValidFieldEntries_ArticleCreated
[2017-05-25T21:56:53] [Passed] Edit_ChangeContent_ContentChanged
[2017-05-25T21:56:53] [Passed] CheckWebSiteLoad_EnterBlogURL_OpenBlogHomePage
[2017-05-25T21:56:56] [Passed] Login_ValidCredentials_LoginSuccessful
[2017-05-25T21:56:57] [Passed] Logoff_ClickLogoffLink_LogoffSuccessful
[2017-05-25T21:56:58] [Passed] Register_UniqueCredentials_RegisterSuccessful
[2017-05-27T23:28:18] [Passed] CheckWebSiteLoad_EnterBlogURL_OpenBlogHomePage
[2017-05-28T11:03:17] [Passed] Create_ValidFieldEntries_ArticleCreated
[2017-05-28T11:03:22] [Passed] Edit_ChangeContent_ContentChanged
[2017-05-28T11:03:22] [Passed] CheckWebSiteLoad_EnterBlogURL_OpenBlogHomePage
[2017-05-28T11:03:24] [Passed] Login_ValidCredentials_LoginSuccessful
[2017-05-28T11:03:26] [Passed] Logoff_ClickLogoffLink_LogoffSuccessful
[2017-05-28T11:03:27] [Passed] Register_UniqueCredentials_RegisterSuccessful
[2017-05-28T11:06:27] [Failed] Create_ValidFieldEntries_ArticleCreated
OpenQA.Selenium.NoSuchElementException : Unable to locate element: //*[contains(text(), 'Article91f332f2-a8a3-47cf-96bb-324ebfc46823')]
[2017-05-28T11:06:32] [Passed] Edit_ChangeContent_ContentChanged
[2017-05-28T11:06:32] [Passed] CheckWebSiteLoad_EnterBlogURL_OpenBlogHomePage
[2017-05-28T11:06:35] [Passed] Login_ValidCredentials_LoginSuccessful
[2017-05-28T11:06:47] [Failed] Logoff_ClickLogoffLink_LogoffSuccessful
OpenQA.Selenium.NoSuchElementException : Unable to locate element: #loginLink
[2017-05-28T11:06:48] [Failed] Register_UniqueCredentials_RegisterSuccessful
  String lengths are both 59. Strings differ at index 6.
  Expected: "Hello 99309ef2-49a9-43d3-b53f-25ef883521be@uniqueemail.com!"
  But was:  "Hello 19302b98-cfa8-4e5f-bf3b-88c59e08b076@uniqueemail.com!"
  -----------------^

[2017-05-29T10:09:22] [Failed] Create_ValidFieldEntries_ArticleCreated
System.InvalidOperationException : Tried to run command without establishing a connection
[2017-05-29T10:09:58] [Failed] Create_ValidFieldEntries_ArticleCreated
System.InvalidOperationException : Tried to run command without establishing a connection
[2017-05-29T10:11:01] [Failed] Create_ValidFieldEntries_ArticleCreated
System.InvalidOperationException : Tried to run command without establishing a connection
[2017-05-29T10:11:52] [Passed] Create_ValidFieldEntries_ArticleCreated
[2017-05-29T10:12:10] [Failed] Create_ValidFieldEntries_ArticleCreated
System.InvalidOperationException : Tried to run command without establishing a connection
[2017-05-29T10:18:43] [Failed] Create_ValidFieldEntries_ArticleCreated
System.NullReferenceException : Object reference not set to an instance of an object.
[2017-05-29T17:14:02] [Passed] Delete_DeleteArticle_ArticleDeteted
[2017-05-29T17:15:50] [Failed] Delete_DeleteArticle_ArticleDeteted
OpenQA.Selenium.NoSuchElementException : Unable to locate element: //*[contains(text(), 'Article3587a4e7-cfb6-4be5-afb8-a1ee2424e71d')]
[2017-05-29T17:18:05] [Failed] Delete_DeleteArticle_ArticleDeteted
OpenQA.Selenium.NoSuchElementException : Unable to locate element: //*[contains(text(), 'Articlee58dd6ff-9e7f-4a1d-9c58-2ebeff565a5a')]
[2017-05-29T17:19:38] [Failed] Delete_DeleteArticle_ArticleDeteted
OpenQA.Selenium.NoSuchElementException : Unable to locate element: //*[contains(text(), 'Articled4c0bce5-295a-4d54-9f54-e249a1289150')]
[2017-05-29T17:21:11] [Failed] Delete_DeleteArticle_ArticleDeteted
OpenQA.Selenium.NoSuchElementException : Unable to locate element: //*[contains(text(), 'Articlec171ce80-7d01-4643-860b-46413de88ebf')]
[2017-05-29T17:22:53] [Passed] Delete_DeleteArticle_ArticleDeteted
[2017-05-29T17:54:29] [Passed] Create_ValidFieldEntries_ArticleCreated
[2017-05-29T17:54:40] [Failed] Delete_DeleteArticle_ArticleDeteted
OpenQA.Selenium.NoSuchElementException : Unable to locate element: #Title
[2017-05-29T17:54:45] [Passed] Edit_ChangeContent_ContentChanged
[2017-05-29T17:54:46] [Passed] CheckWebSiteLoad_EnterBlogURL_OpenBlogHomePage
[2017-05-29T17:54:48] [Passed] Login_ValidCredentials_LoginSuccessful
[2017-05-29T17:54:50] [Passed] Logoff_ClickLogoffLink_LogoffSuccessful
[2017-05-29T17:54:51] [Passed] Register_UniqueCredentials_RegisterSuccessful
[2017-05-29T18:04:26] [Passed] Create_ValidFieldEntries_ArticleCreated
[2017-05-29T18:04:37] [Failed] Delete_DeleteArticle_ArticleDeteted
OpenQA.Selenium.NoSuchElementException : Unable to locate element: #Title
[2017-05-29T18:04:41] [Passed] Edit_ChangeContent_ContentChanged
[2017-05-29T18:04:42] [Passed] CheckWebSiteLoad_EnterBlogURL_OpenBlogHomePage
[2017-05-29T18:04:44] [Passed] Login_ValidCredentials_LoginSuccessful
[2017-05-29T18:04:46] [Passed] Logoff_ClickLogoffLink_LogoffSuccessful
[2017-05-29T18:04:46] [Passed] Register_UniqueCredentials_RegisterSuccessful
[2017-05-30T16:31:32] [Passed] Create_ValidFieldEntries_ArticleCreated
[2017-05-30T16:31:47] [Passed] Delete_DeleteArticle_ArticleDeteted
[2017-05-30T16:31:51] [Passed] Edit_ChangeContent_ContentChanged
[2017-05-30T16:31:52] [Passed] CheckWebSiteLoad_EnterBlogURL_OpenBlogHomePage
[2017-05-30T16:31:54] [Passed] Login_ValidCredentials_LoginSuccessful
[2017-05-30T16:31:55] [Passed] Logoff_ClickLogoffLink_LogoffSuccessful
[2017-05-30T16:31:56] [Passed] Register_UniqueCredentials_RegisterSuccessful
[2017-05-30T16:42:18] [Failed] Create_ValidFieldEntries_ArticleCreated
System.Data.OleDb.OleDbException : No value given for one or more required parameters.
[2017-05-30T16:42:32] [Passed] Delete_DeleteArticle_ArticleDeteted
[2017-05-30T16:42:37] [Passed] Edit_ChangeContent_ContentChanged
[2017-05-30T16:42:38] [Passed] CheckWebSiteLoad_EnterBlogURL_OpenBlogHomePage
[2017-05-30T16:42:39] [Passed] Login_Blank_Email_Login_Unsuccessful
[2017-05-30T16:42:41] [Passed] Login_InvalidPassword_LoginUnsuccessful
[2017-05-30T16:42:43] [Passed] Login_ValidCredentials_LoginSuccessful
[2017-05-30T16:42:44] [Passed] Logoff_ClickLogoffLink_LogoffSuccessful
[2017-05-30T16:42:46] [Passed] Login_Blank_Email_Login_Unsuccessful
[2017-05-30T16:42:47] [Passed] Login_InvalidPassword_LoginUnsuccessful
[2017-05-30T16:42:49] [Passed] Register_Without_ConfirmPassword
[2017-05-30T16:42:51] [Passed] Register_Without_Email
[2017-05-30T16:42:52] [Passed] Register_Without_FullName
[2017-05-30T16:42:54] [Passed] Register_Without_Password
[2017-05-30T16:42:55] [Passed] Register_UniqueCredentials_RegisterSuccessful
[2017-05-30T18:09:36] [Passed] Create_ValidFieldEntries_ArticleCreated
[2017-05-30T18:09:50] [Passed] Delete_DeleteArticle_ArticleDeteted
[2017-05-30T18:09:55] [Passed] Edit_ChangeContent_ContentChanged
[2017-05-30T18:09:56] [Passed] CheckWebSiteLoad_EnterBlogURL_OpenBlogHomePage
[2017-05-30T18:09:56] [Failed] Login_Blank_Email_Login_Unsuccessful
System.NullReferenceException : Object reference not set to an instance of an object.
[2017-05-30T18:09:56] [Failed] Login_InvalidPassword_LoginUnsuccessful
System.NullReferenceException : Object reference not set to an instance of an object.
[2017-05-30T18:09:59] [Passed] Login_ValidCredentials_LoginSuccessful
[2017-05-30T18:10:00] [Passed] Logoff_ClickLogoffLink_LogoffSuccessful
[2017-05-30T18:10:01] [Failed] Login_Blank_Email_Login_Unsuccessful
System.NullReferenceException : Object reference not set to an instance of an object.
[2017-05-30T18:10:01] [Failed] Login_InvalidPassword_LoginUnsuccessful
System.NullReferenceException : Object reference not set to an instance of an object.
[2017-05-30T18:10:01] [Failed] Register_Without_ConfirmPassword
System.NullReferenceException : Object reference not set to an instance of an object.
[2017-05-30T18:10:02] [Failed] Register_Without_Email
System.NullReferenceException : Object reference not set to an instance of an object.
[2017-05-30T18:10:02] [Failed] Register_Without_FullName
System.NullReferenceException : Object reference not set to an instance of an object.
[2017-05-30T18:10:02] [Failed] Register_Without_Password
System.NullReferenceException : Object reference not set to an instance of an object.
[2017-05-30T18:10:03] [Passed] Register_UniqueCredentials_RegisterSuccessful
[2017-05-30T18:35:01] [Passed] Create_ValidFieldEntries_ArticleCreated
[2017-05-30T18:35:15] [Passed] Delete_DeleteArticle_ArticleDeteted
[2017-05-30T18:35:19] [Passed] Edit_ChangeContent_ContentChanged
[2017-05-30T18:35:20] [Passed] CheckWebSiteLoad_EnterBlogURL_OpenBlogHomePage
[2017-05-30T18:35:21] [Passed] Login_Blank_Email_Login_Unsuccessful
[2017-05-30T18:35:23] [Failed] Login_InvalidPassword_LoginUnsuccessful
  Expected string length 31 but was 0. Strings differ at index 0.
  Expected: "The Password field is required."
  But was:  <string.Empty>
  -----------^

[2017-05-30T18:35:25] [Passed] Login_ValidCredentials_LoginSuccessful
[2017-05-30T18:35:37] [Failed] Logoff_ClickLogoffLink_LogoffSuccessful
OpenQA.Selenium.NoSuchElementException : Unable to locate element: #loginLink
[2017-05-30T18:35:39] [Passed] Login_Blank_Email_Login_Unsuccessful
[2017-05-30T18:35:40] [Failed] Login_InvalidPassword_LoginUnsuccessful
  Expected string length 31 but was 0. Strings differ at index 0.
  Expected: "The Password field is required."
  But was:  <string.Empty>
  -----------^

[2017-05-30T18:35:51] [Failed] Register_Without_ConfirmPassword
OpenQA.Selenium.WebDriverTimeoutException : Timed out after 10 seconds
  ----> OpenQA.Selenium.NoSuchElementException : Unable to locate element: /html/body/div[2]/div/div/form/div[1]/ul/li
[2017-05-30T18:35:53] [Passed] Register_Without_Email
[2017-05-30T18:36:05] [Failed] Register_Without_FullName
OpenQA.Selenium.WebDriverTimeoutException : Timed out after 10 seconds
  ----> OpenQA.Selenium.NoSuchElementException : Unable to locate element: /html/body/div[2]/div/div/form/div[1]/ul/li
[2017-05-30T18:36:16] [Failed] Register_Without_Password
OpenQA.Selenium.WebDriverTimeoutException : Timed out after 10 seconds
  ----> OpenQA.Selenium.NoSuchElementException : Unable to locate element: /html/body/div[2]/div/div/form/div[1]/ul/li[1]
[2017-05-30T18:36:17] [Failed] Register_UniqueCredentials_RegisterSuccessful
  String lengths are both 59. Strings differ at index 6.
  Expected: "Hello 7ca3a1ab-8cce-4afd-99dd-3af1ed3acae7@uniqueemail.com!"
  But was:  "Hello 50eda285-14bf-4c5d-b65e-b7e3349e8dd3@uniqueemail.com!"
  -----------------^

[2017-05-30T18:37:37] [Failed] Register_Without_ConfirmPassword
OpenQA.Selenium.WebDriverTimeoutException : Timed out after 10 seconds
  ----> OpenQA.Selenium.NoSuchElementException : Unable to locate element: /html/body/div[2]/div/div/form/div[1]/ul/li
[2017-05-30T18:39:53] [Passed] Register_Without_Email
[2017-05-30T18:40:45] [Failed] Login_InvalidPassword_LoginUnsuccessful
  Expected string length 31 but was 0. Strings differ at index 0.
  Expected: "The Password field is required."
  But was:  <string.Empty>
  -----------^

[2017-05-30T18:40:47] [Passed] Logoff_ClickLogoffLink_LogoffSuccessful
[2017-05-30T18:40:48] [Failed] Login_InvalidPassword_LoginUnsuccessful
  Expected string length 31 but was 0. Strings differ at index 0.
  Expected: "The Password field is required."
  But was:  <string.Empty>
  -----------^

[2017-05-30T18:41:00] [Failed] Register_Without_ConfirmPassword
OpenQA.Selenium.WebDriverTimeoutException : Timed out after 10 seconds
  ----> OpenQA.Selenium.NoSuchElementException : Unable to locate element: /html/body/div[2]/div/div/form/div[1]/ul/li
[2017-05-30T18:41:11] [Failed] Register_Without_FullName
OpenQA.Selenium.WebDriverTimeoutException : Timed out after 10 seconds
  ----> OpenQA.Selenium.NoSuchElementException : Unable to locate element: /html/body/div[2]/div/div/form/div[1]/ul/li
[2017-05-30T18:41:23] [Failed] Register_Without_Password
OpenQA.Selenium.WebDriverTimeoutException : Timed out after 10 seconds
  ----> OpenQA.Selenium.NoSuchElementException : Unable to locate element: /html/body/div[2]/div/div/form/div[1]/ul/li[1]
[2017-05-30T18:41:24] [Passed] Register_UniqueCredentials_RegisterSuccessful
[2017-05-30T18:42:33] [Failed] Login_InvalidPassword_LoginUnsuccessful
  Expected string length 31 but was 0. Strings differ at index 0.
  Expected: "The Password field is required."
  But was:  <string.Empty>
  -----------^

[2017-05-30T18:43:07] [Failed] Register_Without_ConfirmPassword
OpenQA.Selenium.WebDriverTimeoutException : Timed out after 10 seconds
  ----> OpenQA.Selenium.NoSuchElementException : Unable to locate element: /html/body/div[2]/div/div/form/div[1]/ul/li
[2017-05-30T18:51:04] [Passed] Register_Without_FullName
[2017-05-30T18:52:03] [Failed] Login_InvalidPassword_LoginUnsuccessful
  Expected string length 31 but was 0. Strings differ at index 0.
  Expected: "The Password field is required."
  But was:  <string.Empty>
  -----------^

[2017-05-30T18:52:05] [Failed] Login_InvalidPassword_LoginUnsuccessful
  Expected string length 31 but was 0. Strings differ at index 0.
  Expected: "The Password field is required."
  But was:  <string.Empty>
  -----------^

[2017-05-30T18:52:06] [Passed] Register_Without_ConfirmPassword
[2017-05-30T18:52:08] [Passed] Register_Without_Password
[2017-05-30T18:53:41] [Passed] Login_InvalidPassword_LoginUnsuccessful
[2017-05-30T18:53:59] [Passed] Login_InvalidPassword_LoginUnsuccessful
[2017-05-30T19:58:33] [Failed] Create_ValidFieldEntries_ArticleCreated
  Expected string length 2 but was 43. Strings differ at index 0.
  Expected: "as"
  But was:  "Article28ad00ce-1a05-439e-9541-f3e9e49deb82"
  -----------^


[2017-05-30T20:03:40] [Failed] Create_ValidFieldEntries_ArticleCreated
System.InvalidOperationException : Tried to run command without establishing a connection
[2017-05-30T20:03:41] [Failed] Delete_DeleteArticle_ArticleDeteted
System.InvalidOperationException : Tried to run command without establishing a connection
[2017-05-30T20:03:41] [Failed] Edit_ChangeContent_ContentChanged
System.InvalidOperationException : Tried to run command without establishing a connection
[2017-05-30T20:03:41] [Failed] CheckWebSiteLoad_EnterBlogURL_OpenBlogHomePage
System.InvalidOperationException : Tried to run command without establishing a connection
[2017-05-30T20:03:41] [Failed] Login_Blank_Email_Login_Unsuccessful
System.InvalidOperationException : Tried to run command without establishing a connection
[2017-05-30T20:03:41] [Failed] Login_InvalidPassword_LoginUnsuccessful
System.InvalidOperationException : Tried to run command without establishing a connection
[2017-05-30T20:03:41] [Failed] Login_ValidCredentials_LoginSuccessful
System.InvalidOperationException : Tried to run command without establishing a connection
[2017-05-30T20:03:41] [Failed] Logoff_ClickLogoffLink_LogoffSuccessful
System.InvalidOperationException : Tried to run command without establishing a connection
[2017-05-30T20:03:41] [Failed] Login_Blank_Email_Login_Unsuccessful
System.InvalidOperationException : Tried to run command without establishing a connection
[2017-05-30T20:03:42] [Failed] Login_InvalidPassword_LoginUnsuccessful
System.InvalidOperationException : Tried to run command without establishing a connection
[2017-05-30T20:03:42] [Failed] Register_Without_ConfirmPassword
System.InvalidOperationException : Tried to run command without establishing a connection
[2017-05-30T20:03:42] [Failed] Register_Without_Email
System.InvalidOperationException : Tried to run command without establishing a connection
[2017-05-30T20:03:42] [Failed] Register_Without_FullName
System.InvalidOperationException : Tried to run command without establishing a connection
[2017-05-30T20:03:42] [Failed] Register_Without_Password
System.InvalidOperationException : Tried to run command without establishing a connection
[2017-05-30T20:03:42] [Failed] Register_UniqueCredentials_RegisterSuccessful
System.InvalidOperationException : Tried to run command without establishing a connection
[2017-05-30T20:17:36] [Failed] Create_ValidFieldEntries_ArticleCreated
OpenQA.Selenium.StaleElementReferenceException : The element reference of <a> stale: either the element is no longer attached to the DOM or the page has been refreshed
[2017-05-30T20:17:51] [Passed] Delete_DeleteArticle_ArticleDeteted
[2017-05-30T20:17:55] [Passed] Edit_ChangeContent_ContentChanged
[2017-05-30T20:17:55] [Passed] CheckWebSiteLoad_EnterBlogURL_OpenBlogHomePage
[2017-05-30T20:17:57] [Passed] Login_Blank_Email_Login_Unsuccessful
[2017-05-30T20:17:58] [Passed] Login_InvalidPassword_LoginUnsuccessful
[2017-05-30T20:18:00] [Passed] Login_ValidCredentials_LoginSuccessful
[2017-05-30T20:18:02] [Passed] Logoff_ClickLogoffLink_LogoffSuccessful
[2017-05-30T20:18:02] [Passed] Register_UniqueCredentials_RegisterSuccessful
[2017-05-30T20:18:04] [Passed] Register_Without_ConfirmPassword
[2017-05-30T20:18:05] [Passed] Register_Without_Email
[2017-05-30T20:18:07] [Passed] Register_Without_FullName
[2017-05-30T20:18:08] [Passed] Register_Without_Password
[2017-05-30T20:18:44] [Passed] Create_ValidFieldEntries_ArticleCreated
[2017-06-01T15:43:59] [Failed] Navigate_To_Login_page
  Expected string length 35 but was 36. Strings differ at index 21.
  Expected: "http://localhost:60639/Article/List"
  But was:  "http://localhost:60634/Account/Login"
  --------------------------------^

[2017-06-01T15:45:57] [Failed] Navigate_To_Login_page
  Expected string length 36 but was 35. Strings differ at index 21.
  Expected: "http://localhost:60634/Account/Login"
  But was:  "http://localhost:60639/Article/List"
  --------------------------------^

[2017-06-01T15:46:44] [Failed] Navigate_To_Login_page
  String lengths are both 36. Strings differ at index 21.
  Expected: "http://localhost:60634/Account/Login"
  But was:  "http://localhost:60639/Account/Login"
  --------------------------------^

[2017-06-01T15:47:39] [Passed] Navigate_To_Login_page
[2017-06-01T15:56:53] [Failed] Navigate_To_Register_page
System.NullReferenceException : Object reference not set to an instance of an object.
[2017-06-01T15:57:52] [Failed] Navigate_To_Register_page
System.InvalidOperationException : Failed to decode response from marionette
[2017-06-01T15:58:12] [Passed] Navigate_To_Register_page
[2017-06-01T16:09:06] [Failed] Navigate_To_Home_Page_Logo_Button
  Expected: null
  But was:  "http://localhost:60639/Article/List"

[2017-06-01T16:09:44] [Passed] Navigate_To_Home_Page_Logo_Button
[2017-06-01T16:36:21] [Failed] Login_Manage_Account
OpenQA.Selenium.NoSuchElementException : Unable to locate element: //*[@id="logoutForm"]/ul/li[2]/a
[2017-06-01T16:37:45] [Failed] Login_Manage_Account
  Expected string length 29 but was 35. Strings differ at index 23.
  Expected: "http://localhost:60639/Manage"
  But was:  "http://localhost:60639/Article/List"
  ----------------------------------^

[2017-06-01T16:38:19] [Failed] Login_Manage_Account
  Expected string length 29 but was 35. Strings differ at index 23.
  Expected: "http://localhost:60639/Manage"
  But was:  "http://localhost:60639/Article/List"
  ----------------------------------^

[2017-06-01T16:40:14] [Passed] Login_Manage_Account
[2017-06-01T16:47:22] [Failed] Create_Article_Cancel_Button
OpenQA.Selenium.NoSuchElementException : Unable to locate element: #Title
[2017-06-01T16:48:12] [Failed] Create_Article_Cancel_Button
OpenQA.Selenium.NoSuchElementException : Unable to locate element: //div[4]/div/a
[2017-06-01T16:49:54] [Failed] Create_Article_Cancel_Button
OpenQA.Selenium.NoSuchElementException : Unable to locate element: //div[4]/div/a
[2017-06-01T16:56:14] [Failed] Create_Article_Cancel_Button
System.InvalidOperationException : Failed to decode response from marionette
[2017-06-01T16:57:32] [Failed] Create_Article_Cancel_Button
OpenQA.Selenium.NoSuchElementException : Unable to locate element: //div[4]/div/a
[2017-06-01T16:58:51] [Passed] Create_Article_Cancel_Button
[2017-06-01T16:59:51] [Failed] Create_Article_Cancel_Button
OpenQA.Selenium.NoSuchElementException : Unable to locate element: //div[4]/div/a
[2017-06-01T17:00:55] [Failed] Create_Article_Cancel_Button
System.InvalidOperationException : Failed to decode response from marionette
[2017-06-01T17:02:23] [Failed] Create_Article_Cancel_Button
  Expected string length 35 but was 38. Strings differ at index 31.
  Expected: "http://localhost:60639/Article/List"
  But was:  "http://localhost:60639/Article/Create/"
  ------------------------------------------^

[2017-06-01T17:04:06] [Passed] Create_Article_Cancel_Button
[2017-06-01T17:39:58] [Passed] Navigate_To_Login_page
[2017-06-01T17:41:53] [Failed] Navigate_To_Login_page
  Expected string length 12 but was 0. Strings differ at index 0.
  Expected: "SOFTUNI BLOG"
  But was:  <string.Empty>
  -----------^

[2017-06-01T17:43:06] [Failed] Navigate_To_Login_page
  Expected string length 6 but was 0. Strings differ at index 0.
  Expected: "Log in"
  But was:  <string.Empty>
  -----------^

[2017-06-01T17:43:36] [Failed] Navigate_To_Login_page
  Expected string length 6 but was 0. Strings differ at index 0.
  Expected: "Log in"
  But was:  <string.Empty>
  -----------^

[2017-06-01T17:46:21] [Failed] Navigate_To_Login_page
  Expected string length 6 but was 0. Strings differ at index 0.
  Expected: "Log in"
  But was:  <string.Empty>
  -----------^

[2017-06-01T17:47:32] [Failed] Navigate_To_Login_page
  Expected: "True"
  But was:  True

[2017-06-01T17:48:41] [Passed] Navigate_To_Login_page
[2017-06-01T17:51:18] [Passed] Navigate_To_Login_page
[2017-06-01T17:51:41] [Failed] Navigate_To_Register_page
  Expected string length 39 but was 4. Strings differ at index 0.
  Expected: "http://localhost:60639/Account/Register"
  But was:  "True"
  -----------^

[2017-06-01T17:52:11] [Passed] Navigate_To_Register_page
[2017-06-01T17:59:15] [Failed] Login_Manage_Account
OpenQA.Selenium.NoSuchElementException : Unable to locate element: //*[@id="logoutForm"]/ul/li[2]/a
[2017-06-01T18:00:03] [Failed] Login_Manage_Account
  Expected string length 29 but was 35. Strings differ at index 23.
  Expected: "http://localhost:60639/Manage"
  But was:  "http://localhost:60639/Article/List"
  ----------------------------------^

[2017-06-01T18:02:44] [Passed] Login_Manage_Account
[2017-06-01T18:03:26] [Passed] Login_Manage_Account
[2017-06-01T18:07:04] [Passed] Login_Manage_Account
[2017-06-01T18:24:28] [Failed] LogIn_CreateArticle_ReadArticle
OpenQA.Selenium.NoSuchElementException : Unable to locate element: #Email
[2017-06-01T18:25:15] [Failed] LogIn_CreateArticle_ReadArticle
System.NullReferenceException : Object reference not set to an instance of an object.
[2017-06-01T18:26:57] [Failed] LogIn_CreateArticle_ReadArticle
  Expected string length 36 but was 43. Strings differ at index 0.
  Expected: "ee96f208-1583-4ee9-b70a-28b00f205be0"
  But was:  "Articleee96f208-1583-4ee9-b70a-28b00f205be0"
  -----------^

[2017-06-01T18:30:24] [Failed] LogIn_CreateArticle_ReadArticle
System.ArgumentNullException : Value cannot be null.
Parameter name: name
[2017-06-01T18:32:07] [Failed] LogIn_CreateArticle_ReadArticle
System.ArgumentNullException : Value cannot be null.
Parameter name: name
[2017-06-01T18:36:32] [Passed] LogIn_CreateArticle_ReadArticle
[2017-06-01T18:59:16] [Failed] Delete_NavigateToArticle_Click_Delete
OpenQA.Selenium.NoSuchElementException : Unable to locate element: /html/body/div[2]/div/div/form/div[3]/div/input
[2017-06-01T19:02:27] [Failed] Delete_NavigateToArticle_Click_Delete
OpenQA.Selenium.NoSuchElementException : Unable to locate element: //div[4]/div/a
[2017-06-01T19:03:22] [Failed] Delete_NavigateToArticle_Click_Delete
OpenQA.Selenium.NoSuchElementException : Unable to locate element: //div[4]/div/a
[2017-06-01T19:05:46] [Failed] Delete_NavigateToArticle_Click_Delete
OpenQA.Selenium.NoSuchElementException : Unable to locate element: //div[3]/div/input
[2017-06-01T19:06:17] [Failed] Delete_NavigateToArticle_Click_Delete
System.InvalidOperationException : Tried to run command without establishing a connection
[2017-06-01T19:07:03] [Failed] Delete_NavigateToArticle_Click_Delete
System.InvalidOperationException : Failed to decode response from marionette
[2017-06-01T19:09:12] [Failed] Delete_NavigateToArticle_Click_Delete
  Expected string length 7 but was 4. Strings differ at index 0.
  Expected: "Article"
  But was:  "True"
  -----------^

[2017-06-01T19:10:01] [Passed] Delete_NavigateToArticle_Click_Delete
[2017-06-01T19:18:37] [Failed] Logoff_ClickLogoffLink_LogoffSuccessful
System.InvalidOperationException : Failed to decode response from marionette
[2017-06-01T19:20:32] [Failed] Login_NavigateToManagePage
System.NullReferenceException : Object reference not set to an instance of an object.
[2017-06-01T19:21:19] [Failed] Login_NavigateToManagePage
OpenQA.Selenium.NoSuchElementException : Unable to locate element: /html/body/div[2]/div/dl/dd/a
[2017-06-01T19:22:10] [Passed] Login_NavigateToManagePage
[2017-06-01T19:35:26] [Passed] Delete_NavigateToArticle_ClickDelete
[2017-06-01T19:38:08] [Failed] LogIn_CreateArticle_EditArticle
OpenQA.Selenium.NoSuchElementException : Unable to locate element: #Title
[2017-06-01T19:38:37] [Failed] LogIn_CreateArticle_EditArticle
System.InvalidOperationException : Failed to decode response from marionette
[2017-06-01T19:39:08] [Failed] LogIn_CreateArticle_EditArticle
System.InvalidOperationException : Failed to decode response from marionette
[2017-06-01T19:39:33] [Passed] LogIn_CreateArticle_EditArticle
[2017-06-01T20:12:03] [Failed] Create_CreateArticleCancelButton_NavigateToHomePage
OpenQA.Selenium.NoSuchElementException : Unable to locate element: //div[4]/div/a
[2017-06-01T20:12:07] [Passed] Create_ValidFieldEntries_ArticleCreated
[2017-06-01T20:12:11] [Passed] Delete_ClickDeleteButton_ConfirmationPageLoaded
[2017-06-01T20:12:26] [Passed] Delete_DeleteArticle_ArticleDeteted
[2017-06-01T20:12:31] [Passed] Edit_ChangeContent_ContentChanged
[2017-06-01T20:12:36] [Passed] Edit_ClickEdit_EditPageLoaded
[2017-06-01T20:12:37] [Passed] CheckWebSiteLoad_EnterBlogURL_OpenBlogHomePage
[2017-06-01T20:12:48] [Failed] Home_ClickLogin_LoginLoaded
OpenQA.Selenium.NoSuchElementException : Unable to locate element: #loginLink
[2017-06-01T20:12:53] [Passed] Home_ClickOnAccount_ManagePageLoaded
[2017-06-01T20:13:04] [Failed] Home_ClickRegister_RegisterLoaded
OpenQA.Selenium.NoSuchElementException : Unable to locate element: #registerLink
[2017-06-01T20:13:07] [Passed] Home_CreateArticle_ReadArticle
[2017-06-01T20:13:19] [Failed] Home_LogoClick_HomePageLoaded
OpenQA.Selenium.NoSuchElementException : Unable to locate element: #loginLink
[2017-06-01T20:13:21] [Passed] Login_Blank_Email_Login_Unsuccessful
[2017-06-01T20:13:23] [Passed] Login_InvalidPassword_LoginUnsuccessful
[2017-06-01T20:13:26] [Passed] Login_ValidCredentials_LoginSuccessful
[2017-06-01T20:13:39] [Failed] Logoff_ClickLogoffLink_LogoffSuccessful
OpenQA.Selenium.NoSuchElementException : Unable to locate element: #loginLink
[2017-06-01T20:13:45] [Passed] Manage_ClickAccount_NavigateToManagePage
[2017-06-01T20:13:46] [Failed] Register_UniqueCredentials_RegisterSuccessful
  String lengths are both 59. Strings differ at index 6.
  Expected: "Hello 458f2eef-06d5-4a05-b79b-16c1b54291b7@uniqueemail.com!"
  But was:  "Hello a9cba8b0-dbf2-4a05-aa52-f513f6b57197@uniqueemail.com!"
  -----------------^

[2017-06-01T20:13:50] [Passed] Register_Without_ConfirmPassword
[2017-06-01T20:13:52] [Passed] Register_Without_Email
[2017-06-01T20:13:54] [Passed] Register_Without_FullName
[2017-06-01T20:13:57] [Passed] Register_Without_Password
[2017-06-01T20:15:09] [Failed] Create_CreateArticleCancelButton_NavigateToHomePage
OpenQA.Selenium.NoSuchElementException : Unable to locate element: //div[4]/div/a
[2017-06-01T20:15:43] [Failed] Create_CreateArticleCancelButton_NavigateToHomePage
OpenQA.Selenium.NoSuchElementException : Unable to locate element: //div[4]/div/a
[2017-06-01T20:19:26] [Failed] Create_CreateArticleCancelButton_NavigateToHomePage
System.InvalidOperationException : Failed to decode response from marionette
[2017-06-01T20:20:19] [Failed] Create_CreateArticleCancelButton_NavigateToHomePage
System.InvalidOperationException : Failed to decode response from marionette
[2017-06-01T20:21:17] [Failed] Create_CreateArticleCancelButton_NavigateToHomePage
OpenQA.Selenium.NoSuchElementException : Unable to locate element: //div[4]/div/a
[2017-06-01T20:23:35] [Passed] Create_CreateArticleCancelButton_NavigateToHomePage
[2017-06-01T20:24:03] [Passed] Create_CreateArticleCancelButton_NavigateToHomePage
[2017-06-01T20:24:06] [Passed] Create_ValidFieldEntries_ArticleCreated
[2017-06-01T20:24:10] [Passed] Delete_ClickDeleteButton_ConfirmationPageLoaded
[2017-06-01T20:24:24] [Passed] Delete_DeleteArticle_ArticleDeteted
[2017-06-01T20:24:28] [Passed] Edit_ChangeContent_ContentChanged
[2017-06-01T20:24:32] [Passed] Edit_ClickEdit_EditPageLoaded
[2017-06-01T20:24:33] [Passed] CheckWebSiteLoad_EnterBlogURL_OpenBlogHomePage
[2017-06-01T20:24:43] [Failed] Home_ClickLogin_LoginLoaded
OpenQA.Selenium.NoSuchElementException : Unable to locate element: #loginLink
[2017-06-01T20:24:52] [Passed] Home_ClickOnAccount_ManagePageLoaded
[2017-06-01T20:25:02] [Failed] Home_ClickRegister_RegisterLoaded
OpenQA.Selenium.NoSuchElementException : Unable to locate element: #registerLink
[2017-06-01T20:25:05] [Passed] Home_CreateArticle_ReadArticle
[2017-06-01T20:25:16] [Failed] Home_LogoClick_HomePageLoaded
OpenQA.Selenium.NoSuchElementException : Unable to locate element: #loginLink
[2017-06-01T20:25:18] [Passed] Login_Blank_Email_Login_Unsuccessful
[2017-06-01T20:25:19] [Passed] Login_InvalidPassword_LoginUnsuccessful
[2017-06-01T20:25:21] [Passed] Login_ValidCredentials_LoginSuccessful
[2017-06-01T20:25:33] [Failed] Logoff_ClickLogoffLink_LogoffSuccessful
OpenQA.Selenium.NoSuchElementException : Unable to locate element: #loginLink
[2017-06-01T20:25:37] [Passed] Manage_ClickAccount_NavigateToManagePage
[2017-06-01T20:25:38] [Failed] Register_UniqueCredentials_RegisterSuccessful
  String lengths are both 59. Strings differ at index 6.
  Expected: "Hello 76ad4d54-bc60-4a4c-bc3f-92b3bbdd889f@uniqueemail.com!"
  But was:  "Hello 26397455-a2c3-462a-b22e-ea075e201625@uniqueemail.com!"
  -----------------^

[2017-06-01T20:25:40] [Passed] Register_Without_ConfirmPassword
[2017-06-01T20:25:41] [Passed] Register_Without_Email
[2017-06-01T20:25:43] [Passed] Register_Without_FullName
[2017-06-01T20:25:44] [Passed] Register_Without_Password
[2017-06-01T20:28:43] [Passed] Home_ClickLogin_LoginLoaded
[2017-06-01T20:29:15] [Passed] Home_ClickRegister_RegisterLoaded
[2017-06-01T20:29:42] [Passed] Home_LogoClick_HomePageLoaded
[2017-06-01T20:30:04] [Passed] Logoff_ClickLogoffLink_LogoffSuccessful
[2017-06-01T20:30:28] [Passed] Register_UniqueCredentials_RegisterSuccessful
[2017-06-02T09:48:47] [Passed] Login_InvalidPassword_LoginUnsuccessful
[2017-06-02T09:49:17] [Passed] Create_CreateArticleCancelButton_NavigateToHomePage
[2017-06-02T09:49:19] [Passed] Create_ValidFieldEntries_ArticleCreated
[2017-06-02T09:49:24] [Passed] Delete_ClickDeleteButton_ConfirmationPageLoaded
[2017-06-02T09:49:38] [Passed] Delete_DeleteArticle_ArticleDeteted
[2017-06-02T09:49:42] [Passed] Edit_ChangeContent_ContentChanged
[2017-06-02T09:49:47] [Passed] Edit_ClickEdit_EditPageLoaded
[2017-06-02T09:49:47] [Passed] CheckWebSiteLoad_EnterBlogURL_OpenBlogHomePage
[2017-06-02T09:49:57] [Failed] Home_ClickLogin_LoginLoaded
OpenQA.Selenium.NoSuchElementException : Unable to locate element: #loginLink
[2017-06-02T09:50:06] [Passed] Home_ClickOnAccount_ManagePageLoaded
[2017-06-02T09:50:16] [Failed] Home_ClickRegister_RegisterLoaded
OpenQA.Selenium.NoSuchElementException : Unable to locate element: #registerLink
[2017-06-02T09:50:19] [Failed] Home_CreateArticle_ReadArticle
OpenQA.Selenium.StaleElementReferenceException : The element reference of <a> stale: either the element is no longer attached to the DOM or the page has been refreshed
[2017-06-02T09:50:31] [Failed] Home_LogoClick_HomePageLoaded
OpenQA.Selenium.NoSuchElementException : Unable to locate element: #loginLink
[2017-06-02T09:50:32] [Passed] Login_Blank_Email_Login_Unsuccessful
[2017-06-02T09:50:34] [Passed] Login_InvalidPassword_LoginUnsuccessful
[2017-06-02T09:50:36] [Passed] Login_ValidCredentials_LoginSuccessful
[2017-06-02T09:50:38] [Passed] Logoff_ClickLogoffLink_LogoffSuccessful
[2017-06-02T09:50:42] [Passed] Manage_ClickAccount_NavigateToManagePage
[2017-06-02T09:50:43] [Failed] Register_UniqueCredentials_RegisterSuccessful
  String lengths are both 59. Strings differ at index 6.
  Expected: "Hello 43b99737-0bd1-40d8-bd47-34af27a8fd55@uniqueemail.com!"
  But was:  "Hello e7bd3b6a-8241-481e-82e5-47dde586d803@uniqueemail.com!"
  -----------------^

[2017-06-02T09:50:44] [Passed] Register_Without_ConfirmPassword
[2017-06-02T09:50:46] [Passed] Register_Without_Email
[2017-06-02T09:50:48] [Passed] Register_Without_FullName
[2017-06-02T09:50:49] [Passed] Register_Without_Password
[2017-06-02T09:52:18] [Passed] Home_ClickLogin_LoginLoaded
[2017-06-02T09:53:17] [Passed] Create_CreateArticleCancelButton_NavigateToHomePage
[2017-06-02T09:53:24] [Passed] Create_ValidFieldEntries_ArticleCreated
[2017-06-02T09:53:33] [Passed] Delete_ClickDeleteButton_ConfirmationPageLoaded
[2017-06-02T09:53:51] [Passed] Delete_DeleteArticle_ArticleDeteted
[2017-06-02T09:54:01] [Failed] Edit_ChangeContent_ContentChanged
  Expected string length 6 but was 16. Strings differ at index 0.
  Expected: "Edited"
  But was:  "Test 1 TEst edit"
  -----------^

[2017-06-02T09:54:12] [Passed] Edit_ClickEdit_EditPageLoaded
[2017-06-02T09:54:14] [Passed] CheckWebSiteLoad_EnterBlogURL_OpenBlogHomePage
[2017-06-02T09:54:25] [Failed] Home_ClickLogin_LoginLoaded
OpenQA.Selenium.NoSuchElementException : Unable to locate element: #loginLink
[2017-06-02T09:54:35] [Passed] Home_ClickOnAccount_ManagePageLoaded
[2017-06-02T09:54:46] [Failed] Home_ClickRegister_RegisterLoaded
OpenQA.Selenium.NoSuchElementException : Unable to locate element: #registerLink
[2017-06-02T09:54:54] [Failed] Home_CreateArticle_ReadArticle
OpenQA.Selenium.StaleElementReferenceException : The element reference of <a> stale: either the element is no longer attached to the DOM or the page has been refreshed
[2017-06-02T09:55:08] [Failed] Home_LogoClick_HomePageLoaded
OpenQA.Selenium.NoSuchElementException : Unable to locate element: #loginLink
[2017-06-02T09:55:12] [Passed] Login_Blank_Email_Login_Unsuccessful
[2017-06-02T09:55:15] [Passed] Login_InvalidPassword_LoginUnsuccessful
[2017-06-02T09:55:21] [Passed] Login_ValidCredentials_LoginSuccessful
[2017-06-02T09:55:34] [Failed] Logoff_ClickLogoffLink_LogoffSuccessful
OpenQA.Selenium.NoSuchElementException : Unable to locate element: #loginLink
[2017-06-02T09:55:44] [Passed] Manage_ClickAccount_NavigateToManagePage
[2017-06-02T09:55:46] [Failed] Register_UniqueCredentials_RegisterSuccessful
  String lengths are both 59. Strings differ at index 6.
  Expected: "Hello 16dbba00-88c6-4cf3-bfd0-fea887450d02@uniqueemail.com!"
  But was:  "Hello 4d086828-e047-4925-af84-baf5590cc407@uniqueemail.com!"
  -----------------^

[2017-06-02T09:55:51] [Passed] Register_Without_ConfirmPassword
[2017-06-02T09:55:55] [Passed] Register_Without_Email
[2017-06-02T09:55:58] [Passed] Register_Without_FullName
[2017-06-02T09:56:02] [Passed] Register_Without_Password
[2017-06-02T10:03:40] [Passed] Create_CreateArticleCancelButton_NavigateToHomePage
[2017-06-02T10:03:43] [Failed] Create_ValidFieldEntries_ArticleCreated
OpenQA.Selenium.StaleElementReferenceException : The element reference of <a> stale: either the element is no longer attached to the DOM or the page has been refreshed
[2017-06-02T10:03:47] [Passed] Delete_ClickDeleteButton_ConfirmationPageLoaded
[2017-06-02T10:04:02] [Passed] Delete_DeleteArticle_ArticleDeteted
[2017-06-02T10:04:08] [Passed] Edit_ChangeContent_ContentChanged
[2017-06-02T10:04:13] [Passed] Edit_ClickEdit_EditPageLoaded
[2017-06-02T10:04:13] [Passed] CheckWebSiteLoad_EnterBlogURL_OpenBlogHomePage
[2017-06-02T10:04:24] [Failed] Home_ClickLogin_LoginLoaded
OpenQA.Selenium.NoSuchElementException : Unable to locate element: #loginLink
[2017-06-02T10:04:28] [Passed] Home_ClickOnAccount_ManagePageLoaded
[2017-06-02T10:04:39] [Failed] Home_ClickRegister_RegisterLoaded
OpenQA.Selenium.NoSuchElementException : Unable to locate element: #registerLink
[2017-06-02T10:04:42] [Failed] Home_CreateArticle_ReadArticle
OpenQA.Selenium.StaleElementReferenceException : The element reference of <a> stale: either the element is no longer attached to the DOM or the page has been refreshed
[2017-06-02T10:04:54] [Failed] Home_LogoClick_HomePageLoaded
OpenQA.Selenium.NoSuchElementException : Unable to locate element: #loginLink
[2017-06-02T10:04:56] [Passed] Login_Blank_Email_Login_Unsuccessful
[2017-06-02T10:04:57] [Passed] Login_InvalidPassword_LoginUnsuccessful
[2017-06-02T10:05:00] [Failed] Login_ValidCredentials_LoginSuccessful
System.Reflection.TargetInvocationException : Exception has been thrown by the target of an invocation.
  ----> OpenQA.Selenium.StaleElementReferenceException : The element reference of <a> stale: either the element is no longer attached to the DOM or the page has been refreshed
[2017-06-02T10:05:01] [Passed] Logoff_ClickLogoffLink_LogoffSuccessful
[2017-06-02T10:05:06] [Passed] Manage_ClickAccount_NavigateToManagePage
[2017-06-02T10:05:08] [Passed] Register_UniqueCredentials_RegisterSuccessful
[2017-06-02T10:05:10] [Passed] Register_Without_ConfirmPassword
[2017-06-02T10:05:11] [Passed] Register_Without_Email
[2017-06-02T10:05:13] [Passed] Register_Without_FullName
[2017-06-02T10:05:15] [Passed] Register_Without_Password
[2017-06-02T10:09:02] [Passed] Create_CreateArticleCancelButton_NavigateToHomePage
[2017-06-02T10:09:05] [Passed] Create_ValidFieldEntries_ArticleCreated
[2017-06-02T10:09:09] [Passed] Delete_ClickDeleteButton_ConfirmationPageLoaded
[2017-06-02T10:09:24] [Passed] Delete_DeleteArticle_ArticleDeteted
[2017-06-02T10:09:29] [Passed] Edit_ChangeContent_ContentChanged
[2017-06-02T10:09:34] [Passed] Edit_ClickEdit_EditPageLoaded
[2017-06-02T10:09:34] [Passed] CheckWebSiteLoad_EnterBlogURL_OpenBlogHomePage
[2017-06-02T10:09:44] [Failed] Home_ClickLogin_LoginLoaded
OpenQA.Selenium.NoSuchElementException : Unable to locate element: #loginLink
[2017-06-02T10:09:49] [Passed] Home_ClickOnAccount_ManagePageLoaded
[2017-06-02T10:09:59] [Failed] Home_ClickRegister_RegisterLoaded
OpenQA.Selenium.NoSuchElementException : Unable to locate element: #registerLink
[2017-06-02T10:10:02] [Passed] Home_CreateArticle_ReadArticle
[2017-06-02T10:10:14] [Failed] Home_LogoClick_HomePageLoaded
OpenQA.Selenium.NoSuchElementException : Unable to locate element: #loginLink
[2017-06-02T10:10:15] [Passed] Login_Blank_Email_Login_Unsuccessful
[2017-06-02T10:10:17] [Passed] Login_InvalidPassword_LoginUnsuccessful
[2017-06-02T10:10:20] [Passed] Login_ValidCredentials_LoginSuccessful
[2017-06-02T10:10:22] [Passed] Logoff_ClickLogoffLink_LogoffSuccessful
[2017-06-02T10:10:26] [Passed] Manage_ClickAccount_NavigateToManagePage
[2017-06-02T10:10:28] [Passed] Register_UniqueCredentials_RegisterSuccessful
[2017-06-02T10:10:29] [Passed] Register_Without_ConfirmPassword
[2017-06-02T10:10:31] [Passed] Register_Without_Email
[2017-06-02T10:10:33] [Passed] Register_Without_FullName
[2017-06-02T10:10:34] [Passed] Register_Without_Password
[2017-06-02T10:12:23] [Passed] Create_CreateArticleCancelButton_NavigateToHomePage
[2017-06-02T10:12:26] [Passed] Create_ValidFieldEntries_ArticleCreated
[2017-06-02T10:12:31] [Passed] Delete_ClickDeleteButton_ConfirmationPageLoaded
[2017-06-02T10:12:45] [Passed] Delete_DeleteArticle_ArticleDeteted
[2017-06-02T10:12:50] [Passed] Edit_ChangeContent_ContentChanged
[2017-06-02T10:12:54] [Passed] Edit_ClickEdit_EditPageLoaded
[2017-06-02T10:12:55] [Passed] CheckWebSiteLoad_EnterBlogURL_OpenBlogHomePage
[2017-06-02T10:13:06] [Failed] Home_ClickLogin_LoginLoaded
OpenQA.Selenium.NoSuchElementException : Unable to locate element: #loginLink
[2017-06-02T10:13:10] [Passed] Home_ClickOnAccount_ManagePageLoaded
[2017-06-02T10:13:22] [Failed] Home_ClickRegister_RegisterLoaded
OpenQA.Selenium.NoSuchElementException : Unable to locate element: #registerLink
[2017-06-02T10:13:25] [Passed] Home_CreateArticle_ReadArticle
[2017-06-02T10:13:37] [Failed] Home_LogoClick_HomePageLoaded
OpenQA.Selenium.NoSuchElementException : Unable to locate element: #loginLink
[2017-06-02T10:13:39] [Passed] Login_Blank_Email_Login_Unsuccessful
[2017-06-02T10:13:41] [Passed] Login_InvalidPassword_LoginUnsuccessful
[2017-06-02T10:13:44] [Passed] Login_ValidCredentials_LoginSuccessful
[2017-06-02T10:13:56] [Failed] Logoff_ClickLogoffLink_LogoffSuccessful
OpenQA.Selenium.NoSuchElementException : Unable to locate element: #loginLink
[2017-06-02T10:14:00] [Passed] Manage_ClickAccount_NavigateToManagePage
[2017-06-02T10:14:02] [Passed] Register_UniqueCredentials_RegisterSuccessful
[2017-06-02T10:14:03] [Passed] Register_Without_ConfirmPassword
[2017-06-02T10:14:05] [Passed] Register_Without_Email
[2017-06-02T10:14:06] [Passed] Register_Without_FullName
[2017-06-02T10:14:08] [Passed] Register_Without_Password
[2017-06-02T10:19:48] [Passed] Create_CreateArticleCancelButton_NavigateToHomePage
[2017-06-02T10:19:52] [Passed] Create_ValidFieldEntries_ArticleCreated
[2017-06-02T10:19:56] [Passed] Delete_ClickDeleteButton_ConfirmationPageLoaded
[2017-06-02T10:20:10] [Passed] Delete_DeleteArticle_ArticleDeteted
[2017-06-02T10:20:16] [Passed] Edit_ChangeContent_ContentChanged
[2017-06-02T10:20:20] [Passed] Edit_ClickEdit_EditPageLoaded
[2017-06-02T10:20:21] [Passed] CheckWebSiteLoad_EnterBlogURL_OpenBlogHomePage
[2017-06-02T10:20:32] [Failed] Home_ClickLogin_LoginLoaded
OpenQA.Selenium.WebDriverTimeoutException : Timed out after 10 seconds
  ----> OpenQA.Selenium.NoSuchElementException : Unable to locate element: #loginLink
[2017-06-02T10:20:36] [Passed] Home_ClickOnAccount_ManagePageLoaded
[2017-06-02T10:20:48] [Failed] Home_ClickRegister_RegisterLoaded
OpenQA.Selenium.WebDriverTimeoutException : Timed out after 10 seconds
  ----> OpenQA.Selenium.NoSuchElementException : Unable to locate element: #registerLink
[2017-06-02T10:20:50] [Failed] Home_CreateArticle_ReadArticle
OpenQA.Selenium.StaleElementReferenceException : The element reference of <a> stale: either the element is no longer attached to the DOM or the page has been refreshed
[2017-06-02T10:21:03] [Failed] Home_LogoClick_HomePageLoaded
OpenQA.Selenium.WebDriverTimeoutException : Timed out after 10 seconds
  ----> OpenQA.Selenium.NoSuchElementException : Unable to locate element: #loginLink
[2017-06-02T10:21:05] [Passed] Login_Blank_Email_Login_Unsuccessful
[2017-06-02T10:21:06] [Passed] Login_InvalidPassword_LoginUnsuccessful
[2017-06-02T10:21:09] [Passed] Login_ValidCredentials_LoginSuccessful
[2017-06-02T10:21:12] [Passed] Logoff_ClickLogoffLink_LogoffSuccessful
[2017-06-02T10:21:16] [Passed] Manage_ClickAccount_NavigateToManagePage
[2017-06-02T10:21:18] [Passed] Register_UniqueCredentials_RegisterSuccessful
[2017-06-02T10:21:19] [Passed] Register_Without_ConfirmPassword
[2017-06-02T10:21:21] [Passed] Register_Without_Email
[2017-06-02T10:21:22] [Passed] Register_Without_FullName
[2017-06-02T10:21:24] [Passed] Register_Without_Password
[2017-06-02T10:30:44] [Failed] Create_CreateArticleCancelButton_NavigateToHomePage
OpenQA.Selenium.NoSuchElementException : Unable to locate element: #Email
[2017-06-02T10:30:56] [Failed] Create_ValidFieldEntries_ArticleCreated
OpenQA.Selenium.NoSuchElementException : Unable to locate element: #Email
[2017-06-02T10:30:57] [Failed] Delete_ClickDeleteButton_ConfirmationPageLoaded
System.InvalidOperationException : Tried to run command without establishing a connection
[2017-06-02T10:30:57] [Failed] Delete_DeleteArticle_ArticleDeteted
System.InvalidOperationException : Tried to run command without establishing a connection
[2017-06-02T10:30:57] [Failed] Edit_ChangeContent_ContentChanged
System.InvalidOperationException : Tried to run command without establishing a connection
[2017-06-02T10:30:57] [Failed] Edit_ClickEdit_EditPageLoaded
System.InvalidOperationException : Tried to run command without establishing a connection
[2017-06-02T10:30:58] [Failed] CheckWebSiteLoad_EnterBlogURL_OpenBlogHomePage
System.InvalidOperationException : Tried to run command without establishing a connection
[2017-06-02T10:30:58] [Failed] Home_ClickLogin_LoginLoaded
System.InvalidOperationException : Tried to run command without establishing a connection
[2017-06-02T10:30:58] [Failed] Home_ClickOnAccount_ManagePageLoaded
System.InvalidOperationException : Tried to run command without establishing a connection
[2017-06-02T10:30:58] [Failed] Home_ClickRegister_RegisterLoaded
System.InvalidOperationException : Tried to run command without establishing a connection
[2017-06-02T10:30:58] [Failed] Home_CreateArticle_ReadArticle
System.InvalidOperationException : Tried to run command without establishing a connection
[2017-06-02T10:30:58] [Failed] Home_LogoClick_HomePageLoaded
System.InvalidOperationException : Tried to run command without establishing a connection
[2017-06-02T10:30:58] [Failed] Login_Blank_Email_Login_Unsuccessful
System.InvalidOperationException : Tried to run command without establishing a connection
[2017-06-02T10:30:58] [Failed] Login_InvalidPassword_LoginUnsuccessful
System.InvalidOperationException : Tried to run command without establishing a connection
[2017-06-02T10:30:59] [Failed] Login_ValidCredentials_LoginSuccessful
System.InvalidOperationException : Tried to run command without establishing a connection
[2017-06-02T10:30:59] [Failed] Logoff_ClickLogoffLink_LogoffSuccessful
System.InvalidOperationException : Tried to run command without establishing a connection
[2017-06-02T10:30:59] [Failed] Manage_ClickAccount_NavigateToManagePage
System.InvalidOperationException : Tried to run command without establishing a connection
[2017-06-02T10:30:59] [Failed] Register_UniqueCredentials_RegisterSuccessful
System.InvalidOperationException : Tried to run command without establishing a connection
[2017-06-02T10:30:59] [Failed] Register_Without_ConfirmPassword
System.InvalidOperationException : Tried to run command without establishing a connection
[2017-06-02T10:30:59] [Failed] Register_Without_Email
System.InvalidOperationException : Tried to run command without establishing a connection
[2017-06-02T10:30:59] [Failed] Register_Without_FullName
System.InvalidOperationException : Tried to run command without establishing a connection
[2017-06-02T10:30:59] [Failed] Register_Without_Password
System.InvalidOperationException : Tried to run command without establishing a connection
[2017-06-02T10:31:59] [Passed] Create_CreateArticleCancelButton_NavigateToHomePage
[2017-06-02T10:32:03] [Passed] Create_ValidFieldEntries_ArticleCreated
[2017-06-02T10:32:07] [Passed] Delete_ClickDeleteButton_ConfirmationPageLoaded
[2017-06-02T10:32:21] [Passed] Delete_DeleteArticle_ArticleDeteted
[2017-06-02T10:32:26] [Passed] Edit_ChangeContent_ContentChanged
[2017-06-02T10:32:31] [Passed] Edit_ClickEdit_EditPageLoaded
[2017-06-02T10:32:31] [Passed] CheckWebSiteLoad_EnterBlogURL_OpenBlogHomePage
[2017-06-02T10:32:43] [Failed] Home_ClickLogin_LoginLoaded
OpenQA.Selenium.WebDriverTimeoutException : Timed out after 10 seconds
  ----> OpenQA.Selenium.NoSuchElementException : Unable to locate element: #loginLink
[2017-06-02T10:32:47] [Passed] Home_ClickOnAccount_ManagePageLoaded
[2017-06-02T10:32:58] [Failed] Home_ClickRegister_RegisterLoaded
OpenQA.Selenium.WebDriverTimeoutException : Timed out after 10 seconds
  ----> OpenQA.Selenium.NoSuchElementException : Unable to locate element: #registerLink
[2017-06-02T10:33:02] [Failed] Home_CreateArticle_ReadArticle
OpenQA.Selenium.StaleElementReferenceException : The element reference of <a> stale: either the element is no longer attached to the DOM or the page has been refreshed
[2017-06-02T10:33:15] [Failed] Home_LogoClick_HomePageLoaded
OpenQA.Selenium.WebDriverTimeoutException : Timed out after 10 seconds
  ----> OpenQA.Selenium.NoSuchElementException : Unable to locate element: #loginLink
[2017-06-02T10:33:16] [Passed] Login_Blank_Email_Login_Unsuccessful
[2017-06-02T10:33:18] [Passed] Login_InvalidPassword_LoginUnsuccessful
[2017-06-02T10:33:21] [Passed] Login_ValidCredentials_LoginSuccessful
[2017-06-02T10:33:23] [Passed] Logoff_ClickLogoffLink_LogoffSuccessful
[2017-06-02T10:33:28] [Passed] Manage_ClickAccount_NavigateToManagePage
[2017-06-02T10:33:29] [Passed] Register_UniqueCredentials_RegisterSuccessful
[2017-06-02T10:33:31] [Passed] Register_Without_ConfirmPassword
[2017-06-02T10:33:33] [Passed] Register_Without_Email
[2017-06-02T10:33:34] [Passed] Register_Without_FullName
[2017-06-02T10:33:36] [Passed] Register_Without_Password
[2017-06-02T10:35:42] [Failed] Home_ClickLogin_LoginLoaded
OpenQA.Selenium.NoSuchElementException : Unable to locate element: //a[contains(text(),'Log off')]
[2017-06-02T10:40:17] [Passed] Home_ClickRegister_RegisterLoaded
[2017-06-02T10:40:34] [Passed] Home_ClickLogin_LoginLoaded
[2017-06-02T10:41:33] [Passed] Home_CreateArticle_ReadArticle
[2017-06-02T10:41:46] [Failed] Home_LogoClick_HomePageLoaded
OpenQA.Selenium.WebDriverTimeoutException : Timed out after 10 seconds
  ----> OpenQA.Selenium.NoSuchElementException : Unable to locate element: #loginLink
[2017-06-02T10:43:29] [Passed] Create_CreateArticleCancelButton_NavigateToHomePage
[2017-06-02T10:43:33] [Passed] Create_ValidFieldEntries_ArticleCreated
[2017-06-02T10:43:38] [Passed] Delete_ClickDeleteButton_ConfirmationPageLoaded
[2017-06-02T10:43:52] [Passed] Delete_DeleteArticle_ArticleDeteted
[2017-06-02T10:43:57] [Passed] Edit_ChangeContent_ContentChanged
[2017-06-02T10:44:02] [Passed] Edit_ClickEdit_EditPageLoaded
[2017-06-02T10:44:02] [Passed] CheckWebSiteLoad_EnterBlogURL_OpenBlogHomePage
[2017-06-02T10:44:14] [Failed] Home_ClickLogin_LoginLoaded
OpenQA.Selenium.WebDriverTimeoutException : Timed out after 10 seconds
  ----> OpenQA.Selenium.NoSuchElementException : Unable to locate element: #loginLink
[2017-06-02T10:44:18] [Passed] Home_ClickOnAccount_ManagePageLoaded
[2017-06-02T10:44:29] [Failed] Home_ClickRegister_RegisterLoaded
OpenQA.Selenium.WebDriverTimeoutException : Timed out after 10 seconds
  ----> OpenQA.Selenium.NoSuchElementException : Unable to locate element: #registerLink
[2017-06-02T10:44:33] [Failed] Home_CreateArticle_ReadArticle
OpenQA.Selenium.StaleElementReferenceException : The element reference of <a> stale: either the element is no longer attached to the DOM or the page has been refreshed
[2017-06-02T10:44:45] [Failed] Home_LogoClick_HomePageLoaded
OpenQA.Selenium.WebDriverTimeoutException : Timed out after 10 seconds
  ----> OpenQA.Selenium.NoSuchElementException : Unable to locate element: #loginLink
[2017-06-02T10:44:47] [Passed] Login_Blank_Email_Login_Unsuccessful
[2017-06-02T10:44:48] [Passed] Login_InvalidPassword_LoginUnsuccessful
[2017-06-02T10:44:51] [Passed] Login_ValidCredentials_LoginSuccessful
[2017-06-02T10:44:54] [Passed] Logoff_ClickLogoffLink_LogoffSuccessful
[2017-06-02T10:44:58] [Passed] Manage_ClickAccount_NavigateToManagePage
[2017-06-02T10:45:00] [Passed] Register_UniqueCredentials_RegisterSuccessful
[2017-06-02T10:45:02] [Passed] Register_Without_ConfirmPassword
[2017-06-02T10:45:03] [Passed] Register_Without_Email
[2017-06-02T10:45:05] [Passed] Register_Without_FullName
[2017-06-02T10:45:06] [Passed] Register_Without_Password
[2017-06-02T10:53:39] [Passed] Create_CreateArticleCancelButton_NavigateToHomePage
[2017-06-02T10:53:43] [Passed] Create_ValidFieldEntries_ArticleCreated
[2017-06-02T10:53:47] [Passed] Delete_ClickDeleteButton_ConfirmationPageLoaded
[2017-06-02T10:54:02] [Passed] Delete_DeleteArticle_ArticleDeteted
[2017-06-02T10:54:07] [Passed] Edit_ChangeContent_ContentChanged
[2017-06-02T10:54:11] [Passed] Edit_ClickEdit_EditPageLoaded
[2017-06-02T10:54:12] [Passed] CheckWebSiteLoad_EnterBlogURL_OpenBlogHomePage
[2017-06-02T10:54:23] [Failed] Home_ClickLogin_LoginLoaded
OpenQA.Selenium.WebDriverTimeoutException : Timed out after 10 seconds
  ----> OpenQA.Selenium.NoSuchElementException : Unable to locate element: #loginLink
[2017-06-02T10:54:27] [Passed] Home_ClickOnAccount_ManagePageLoaded
[2017-06-02T10:54:39] [Failed] Home_ClickRegister_RegisterLoaded
OpenQA.Selenium.WebDriverTimeoutException : Timed out after 10 seconds
  ----> OpenQA.Selenium.NoSuchElementException : Unable to locate element: #registerLink
[2017-06-02T10:54:42] [Failed] Home_CreateArticle_ReadArticle
OpenQA.Selenium.StaleElementReferenceException : The element reference of <a> stale: either the element is no longer attached to the DOM or the page has been refreshed
[2017-06-02T10:54:55] [Failed] Home_LogoClick_HomePageLoaded
OpenQA.Selenium.WebDriverTimeoutException : Timed out after 10 seconds
  ----> OpenQA.Selenium.NoSuchElementException : Unable to locate element: #loginLink
[2017-06-02T10:54:56] [Passed] Login_Blank_Email_Login_Unsuccessful
[2017-06-02T10:54:58] [Passed] Login_InvalidPassword_LoginUnsuccessful
[2017-06-02T10:55:01] [Passed] Login_ValidCredentials_LoginSuccessful
[2017-06-02T10:55:04] [Passed] Logoff_ClickLogoffLink_LogoffSuccessful
[2017-06-02T10:55:08] [Passed] Manage_ClickAccount_NavigateToManagePage
[2017-06-02T10:55:10] [Passed] Register_UniqueCredentials_RegisterSuccessful
[2017-06-02T10:55:11] [Passed] Register_Without_ConfirmPassword
[2017-06-02T10:55:13] [Passed] Register_Without_Email
[2017-06-02T10:55:14] [Passed] Register_Without_FullName
[2017-06-02T10:55:16] [Passed] Register_Without_Password
[2017-06-02T11:01:20] [Passed] CheckWebSiteLoad_EnterBlogURL_OpenBlogHomePage
[2017-06-02T11:01:22] [Passed] Home_ClickLogin_LoginLoaded
[2017-06-02T11:01:27] [Passed] Home_ClickOnAccount_ManagePageLoaded
[2017-06-02T11:01:38] [Failed] Home_ClickRegister_RegisterLoaded
OpenQA.Selenium.WebDriverTimeoutException : Timed out after 10 seconds
  ----> OpenQA.Selenium.NoSuchElementException : Unable to locate element: #registerLink
[2017-06-02T11:01:42] [Passed] Home_CreateArticle_ReadArticle
[2017-06-02T11:01:54] [Failed] Home_LogoClick_HomePageLoaded
OpenQA.Selenium.WebDriverTimeoutException : Timed out after 10 seconds
  ----> OpenQA.Selenium.NoSuchElementException : Unable to locate element: #loginLink
[2017-06-02T11:11:47] [Passed] CheckWebSiteLoad_EnterBlogURL_OpenBlogHomePage
[2017-06-02T11:12:00] [Passed] Home_ClickLogin_LoginLoaded
[2017-06-02T11:12:14] [Passed] Home_ClickOnAccount_ManagePageLoaded
[2017-06-02T11:12:16] [Passed] Home_ClickRegister_RegisterLoaded
[2017-06-02T11:12:30] [Passed] Home_CreateArticle_ReadArticle
[2017-06-02T11:12:32] [Passed] Home_LogoClick_HomePageLoaded
[2017-06-02T11:14:37] [Passed] CheckWebSiteLoad_EnterBlogURL_OpenBlogHomePage
[2017-06-02T11:14:51] [Passed] Home_ClickLogin_LoginLoaded
[2017-06-02T11:15:06] [Passed] Home_ClickOnAccount_ManagePageLoaded
[2017-06-02T11:15:10] [Passed] Home_ClickRegister_RegisterLoaded
[2017-06-02T11:15:25] [Passed] Home_CreateArticle_ReadArticle
[2017-06-02T11:15:28] [Passed] Home_LogoClick_HomePageLoaded
[2017-06-02T11:23:55] [Passed] Create_CreateArticleCancelButton_NavigateToHomePage
[2017-06-02T11:23:59] [Passed] Create_ValidFieldEntries_ArticleCreated
[2017-06-02T11:24:05] [Passed] Delete_ClickDeleteButton_ConfirmationPageLoaded
[2017-06-02T11:24:20] [Passed] Delete_DeleteArticle_ArticleDeteted
[2017-06-02T11:24:26] [Passed] Edit_ChangeContent_ContentChanged
[2017-06-02T11:24:31] [Passed] Edit_ClickEdit_EditPageLoaded
[2017-06-02T11:24:32] [Passed] CheckWebSiteLoad_EnterBlogURL_OpenBlogHomePage
[2017-06-02T11:24:43] [Failed] Home_ClickLogin_LoginLoaded
OpenQA.Selenium.WebDriverTimeoutException : Timed out after 10 seconds
  ----> OpenQA.Selenium.NoSuchElementException : Unable to locate element: #loginLink
[2017-06-02T11:24:53] [Passed] Home_ClickOnAccount_ManagePageLoaded
[2017-06-02T11:25:05] [Failed] Home_ClickRegister_RegisterLoaded
OpenQA.Selenium.WebDriverTimeoutException : Timed out after 10 seconds
  ----> OpenQA.Selenium.NoSuchElementException : Unable to locate element: #registerLink
[2017-06-02T11:25:10] [Failed] Home_CreateArticle_ReadArticle
OpenQA.Selenium.StaleElementReferenceException : The element reference of <a> stale: either the element is no longer attached to the DOM or the page has been refreshed
[2017-06-02T11:25:23] [Failed] Home_LogoClick_HomePageLoaded
OpenQA.Selenium.WebDriverTimeoutException : Timed out after 10 seconds
  ----> OpenQA.Selenium.NoSuchElementException : Unable to locate element: #loginLink
[2017-06-02T11:25:25] [Failed] Login_Blank_Email_Login_Unsuccessful
  Expected string length 28 but was 0. Strings differ at index 0.
  Expected: "The Email field is required."
  But was:  <string.Empty>
  -----------^

[2017-06-02T11:25:37] [Failed] Login_InvalidPassword_LoginUnsuccessful
OpenQA.Selenium.NoSuchElementException : Unable to locate element: /html/body/div[2]/div/div/form/div[3]/div/span
[2017-06-02T11:25:41] [Passed] Login_ValidCredentials_LoginSuccessful
[2017-06-02T11:25:45] [Passed] Logoff_ClickLogoffLink_LogoffSuccessful
[2017-06-02T11:25:50] [Passed] Manage_ClickAccount_NavigateToManagePage
[2017-06-02T11:25:53] [Passed] Register_UniqueCredentials_RegisterSuccessful
[2017-06-02T11:25:54] [Passed] Register_Without_ConfirmPassword
[2017-06-02T11:25:56] [Passed] Register_Without_Email
[2017-06-02T11:25:59] [Passed] Register_Without_FullName
[2017-06-02T11:26:00] [Passed] Register_Without_Password
[2017-06-02T17:54:46] [Passed] Create_CreateArticleCancelButton_NavigateToHomePage
[2017-06-02T17:54:50] [Passed] Create_ValidFieldEntries_ArticleCreated
[2017-06-02T17:54:55] [Passed] Delete_ClickDeleteButton_ConfirmationPageLoaded
[2017-06-02T17:55:11] [Passed] Delete_DeleteArticle_ArticleDeteted
[2017-06-02T17:55:17] [Passed] Edit_ChangeContent_ContentChanged
[2017-06-02T17:55:23] [Passed] Edit_ClickEdit_EditPageLoaded
[2017-06-02T17:55:24] [Passed] CheckWebSiteLoad_EnterBlogURL_OpenBlogHomePage
[2017-06-02T17:55:36] [Failed] Home_ClickLogin_LoginLoaded
OpenQA.Selenium.WebDriverTimeoutException : Timed out after 10 seconds
  ----> OpenQA.Selenium.NoSuchElementException : Unable to locate element: #loginLink
[2017-06-02T17:55:49] [Failed] Home_ClickRegister_RegisterLoaded
OpenQA.Selenium.WebDriverTimeoutException : Timed out after 10 seconds
  ----> OpenQA.Selenium.NoSuchElementException : Unable to locate element: #registerLink
[2017-06-02T17:55:54] [Failed] Home_CreateArticle_ReadArticle
OpenQA.Selenium.StaleElementReferenceException : The element reference of <a> stale: either the element is no longer attached to the DOM or the page has been refreshed
[2017-06-02T17:56:07] [Failed] Home_LogoClick_HomePageLoaded
OpenQA.Selenium.WebDriverTimeoutException : Timed out after 10 seconds
  ----> OpenQA.Selenium.NoSuchElementException : Unable to locate element: #loginLink
[2017-06-02T17:56:17] [Passed] Manage_ClickAccount_NavigateToManagePage
[2017-06-02T17:56:20] [Passed] Login_Blank_Email_Login_Unsuccessful
[2017-06-02T17:56:24] [Passed] Login_ValidCredentials_LoginSuccessful
[2017-06-02T17:56:27] [Passed] Login_WithoutPassword_LoginUnsuccessful
[2017-06-02T17:56:34] [Passed] Logoff_ClickLogoffLink_LogoffSuccessful
[2017-06-02T17:56:40] [Failed] Account_ClickOnChangePassword_ChangePasswordPageLoaded
  Expected: null
  But was:  "http://localhost:60639/Manage"

[2017-06-02T17:56:43] [Passed] Register_UniqueCredentials_RegisterSuccessful
[2017-06-02T17:56:46] [Passed] Register_Without_ConfirmPassword
[2017-06-02T17:56:49] [Passed] Register_Without_Email
[2017-06-02T17:56:51] [Passed] Register_Without_FullName
[2017-06-02T17:56:54] [Passed] Register_Without_Password
[2017-06-02T17:57:24] [Failed] Account_ClickOnChangePassword_ChangePasswordPageLoaded
  Expected: null
  But was:  "http://localhost:60639/Manage"

[2017-06-02T17:58:42] [Passed] Account_ClickOnChangePassword_ChangePasswordPageLoaded
[2017-06-02T17:59:15] [Passed] Create_CreateArticleCancelButton_NavigateToHomePage
[2017-06-02T17:59:20] [Passed] Create_ValidFieldEntries_ArticleCreated
[2017-06-02T17:59:25] [Passed] Delete_ClickDeleteButton_ConfirmationPageLoaded
[2017-06-02T17:59:41] [Passed] Delete_DeleteArticle_ArticleDeteted
[2017-06-02T17:59:47] [Passed] Edit_ChangeContent_ContentChanged
[2017-06-02T17:59:52] [Passed] Edit_ClickEdit_EditPageLoaded
[2017-06-02T17:59:53] [Passed] CheckWebSiteLoad_EnterBlogURL_OpenBlogHomePage
[2017-06-02T18:00:06] [Failed] Home_ClickLogin_LoginLoaded
OpenQA.Selenium.WebDriverTimeoutException : Timed out after 10 seconds
  ----> OpenQA.Selenium.NoSuchElementException : Unable to locate element: #loginLink
[2017-06-02T18:00:19] [Failed] Home_ClickRegister_RegisterLoaded
OpenQA.Selenium.WebDriverTimeoutException : Timed out after 10 seconds
  ----> OpenQA.Selenium.NoSuchElementException : Unable to locate element: #registerLink
[2017-06-02T18:00:24] [Failed] Home_CreateArticle_ReadArticle
OpenQA.Selenium.StaleElementReferenceException : The element reference of <a> stale: either the element is no longer attached to the DOM or the page has been refreshed
[2017-06-02T18:00:37] [Failed] Home_LogoClick_HomePageLoaded
OpenQA.Selenium.WebDriverTimeoutException : Timed out after 10 seconds
  ----> OpenQA.Selenium.NoSuchElementException : Unable to locate element: #loginLink
[2017-06-02T18:00:43] [Passed] Manage_ClickAccount_NavigateToManagePage
[2017-06-02T18:00:46] [Passed] Login_Blank_Email_Login_Unsuccessful
[2017-06-02T18:00:51] [Passed] Login_ValidCredentials_LoginSuccessful
[2017-06-02T18:00:53] [Passed] Login_WithoutPassword_LoginUnsuccessful
[2017-06-02T18:00:57] [Passed] Logoff_ClickLogoffLink_LogoffSuccessful
[2017-06-02T18:01:03] [Passed] Account_ClickOnChangePassword_ChangePasswordPageLoaded
[2017-06-02T18:01:07] [Passed] Register_UniqueCredentials_RegisterSuccessful
[2017-06-02T18:01:09] [Passed] Register_Without_ConfirmPassword
[2017-06-02T18:01:12] [Passed] Register_Without_Email
[2017-06-02T18:01:14] [Passed] Register_Without_FullName
[2017-06-02T18:01:17] [Passed] Register_Without_Password
[2017-06-02T18:05:00] [Passed] Home_ClickLogin_LoginLoaded
[2017-06-02T18:05:24] [Passed] Create_CreateArticleCancelButton_NavigateToHomePage
[2017-06-02T18:05:29] [Passed] Create_ValidFieldEntries_ArticleCreated
[2017-06-02T18:05:35] [Passed] Delete_ClickDeleteButton_ConfirmationPageLoaded
[2017-06-02T18:05:51] [Passed] Delete_DeleteArticle_ArticleDeteted
[2017-06-02T18:05:57] [Passed] Edit_ChangeContent_ContentChanged
[2017-06-02T18:06:02] [Passed] Edit_ClickEdit_EditPageLoaded
[2017-06-02T18:06:04] [Passed] CheckWebSiteLoad_EnterBlogURL_OpenBlogHomePage
[2017-06-02T18:06:16] [Failed] Home_ClickLogin_LoginLoaded
OpenQA.Selenium.WebDriverTimeoutException : Timed out after 10 seconds
  ----> OpenQA.Selenium.NoSuchElementException : Unable to locate element: #loginLink
[2017-06-02T18:06:29] [Failed] Home_ClickRegister_RegisterLoaded
OpenQA.Selenium.WebDriverTimeoutException : Timed out after 10 seconds
  ----> OpenQA.Selenium.NoSuchElementException : Unable to locate element: #registerLink
[2017-06-02T18:06:34] [Passed] Home_CreateArticle_ReadArticle
[2017-06-02T18:06:48] [Failed] Home_LogoClick_HomePageLoaded
OpenQA.Selenium.WebDriverTimeoutException : Timed out after 10 seconds
  ----> OpenQA.Selenium.NoSuchElementException : Unable to locate element: #loginLink
[2017-06-02T18:06:54] [Passed] Manage_ClickAccount_NavigateToManagePage
[2017-06-02T18:06:57] [Passed] Login_Blank_Email_Login_Unsuccessful
[2017-06-02T18:07:02] [Passed] Login_ValidCredentials_LoginSuccessful
[2017-06-02T18:07:04] [Passed] Login_WithoutPassword_LoginUnsuccessful
[2017-06-02T18:07:08] [Passed] Logoff_ClickLogoffLink_LogoffSuccessful
[2017-06-02T18:07:15] [Passed] Account_ClickOnChangePassword_ChangePasswordPageLoaded
[2017-06-02T18:07:18] [Passed] Register_UniqueCredentials_RegisterSuccessful
[2017-06-02T18:07:21] [Passed] Register_Without_ConfirmPassword
[2017-06-02T18:07:24] [Passed] Register_Without_Email
[2017-06-02T18:07:27] [Passed] Register_Without_FullName
[2017-06-02T18:07:30] [Passed] Register_Without_Password
[2017-06-02T18:10:12] [Passed] Home_ClickLogin_LoginLoaded
[2017-06-02T18:11:29] [Passed] Home_ClickLogin_LoginLoaded
[2017-06-02T18:12:40] [Passed] Home_ClickLogin_LoginLoaded
[2017-06-02T18:13:10] [Passed] Create_CreateArticleCancelButton_NavigateToHomePage
[2017-06-02T18:13:15] [Passed] Create_ValidFieldEntries_ArticleCreated
[2017-06-02T18:13:21] [Passed] Delete_ClickDeleteButton_ConfirmationPageLoaded
[2017-06-02T18:13:37] [Passed] Delete_DeleteArticle_ArticleDeteted
[2017-06-02T18:13:44] [Passed] Edit_ChangeContent_ContentChanged
[2017-06-02T18:13:50] [Passed] Edit_ClickEdit_EditPageLoaded
[2017-06-02T18:13:51] [Passed] CheckWebSiteLoad_EnterBlogURL_OpenBlogHomePage
[2017-06-02T18:13:55] [Passed] Home_ClickLogin_LoginLoaded
[2017-06-02T18:13:59] [Passed] Home_ClickRegister_RegisterLoaded
[2017-06-02T18:14:04] [Passed] Home_CreateArticle_ReadArticle
[2017-06-02T18:14:18] [Failed] Home_LogoClick_HomePageLoaded
OpenQA.Selenium.WebDriverTimeoutException : Timed out after 10 seconds
  ----> OpenQA.Selenium.NoSuchElementException : Unable to locate element: #loginLink
[2017-06-02T18:14:24] [Passed] Manage_ClickAccount_NavigateToManagePage
[2017-06-02T18:14:27] [Passed] Login_Blank_Email_Login_Unsuccessful
[2017-06-02T18:14:32] [Passed] Login_ValidCredentials_LoginSuccessful
[2017-06-02T18:14:35] [Passed] Login_WithoutPassword_LoginUnsuccessful
[2017-06-02T18:14:38] [Passed] Logoff_ClickLogoffLink_LogoffSuccessful
[2017-06-02T18:14:45] [Passed] Account_ClickOnChangePassword_ChangePasswordPageLoaded
[2017-06-02T18:14:47] [Passed] Register_UniqueCredentials_RegisterSuccessful
[2017-06-02T18:14:50] [Passed] Register_Without_ConfirmPassword
[2017-06-02T18:14:53] [Passed] Register_Without_Email
[2017-06-02T18:14:56] [Passed] Register_Without_FullName
[2017-06-02T18:15:00] [Passed] Register_Without_Password
[2017-06-02T18:17:46] [Passed] Home_LogoClick_HomePageLoaded
[2017-06-02T18:19:30] [Passed] Create_CreateArticleCancelButton_NavigateToHomePage
[2017-06-02T18:19:36] [Passed] Create_ValidFieldEntries_ArticleCreated
[2017-06-02T18:19:41] [Passed] Delete_ClickDeleteButton_ConfirmationPageLoaded
[2017-06-02T18:19:57] [Passed] Delete_DeleteArticle_ArticleDeteted
[2017-06-02T18:20:04] [Passed] Edit_ChangeContent_ContentChanged
[2017-06-02T18:20:10] [Passed] Edit_ClickEdit_EditPageLoaded
[2017-06-02T18:20:12] [Passed] CheckWebSiteLoad_EnterBlogURL_OpenBlogHomePage
[2017-06-02T18:20:24] [Failed] Home_ClickLogin_LoginLoaded
OpenQA.Selenium.WebDriverTimeoutException : Timed out after 10 seconds
  ----> OpenQA.Selenium.NoSuchElementException : Unable to locate element: #loginLink
[2017-06-02T18:20:37] [Failed] Home_ClickRegister_RegisterLoaded
OpenQA.Selenium.WebDriverTimeoutException : Timed out after 10 seconds
  ----> OpenQA.Selenium.NoSuchElementException : Unable to locate element: #registerLink
[2017-06-02T18:20:42] [Failed] Home_CreateArticle_ReadArticle
OpenQA.Selenium.StaleElementReferenceException : The element reference of <a> stale: either the element is no longer attached to the DOM or the page has been refreshed
[2017-06-02T18:20:47] [Passed] Home_LogoClick_HomePageLoaded
[2017-06-02T18:20:58] [Passed] Manage_ClickAccount_NavigateToManagePage
[2017-06-02T18:21:00] [Passed] Login_Blank_Email_Login_Unsuccessful
[2017-06-02T18:21:05] [Passed] Login_ValidCredentials_LoginSuccessful
[2017-06-02T18:21:07] [Passed] Login_WithoutPassword_LoginUnsuccessful
[2017-06-02T18:21:12] [Passed] Logoff_ClickLogoffLink_LogoffSuccessful
[2017-06-02T18:21:18] [Passed] Account_ClickOnChangePassword_ChangePasswordPageLoaded
[2017-06-02T18:21:21] [Passed] Register_UniqueCredentials_RegisterSuccessful
[2017-06-02T18:21:24] [Passed] Register_Without_ConfirmPassword
[2017-06-02T18:21:27] [Passed] Register_Without_Email
[2017-06-02T18:21:30] [Passed] Register_Without_FullName
[2017-06-02T18:21:33] [Passed] Register_Without_Password
[2017-06-02T18:42:47] [Failed] Home_ClickLogin_LoginLoaded
  Expected string length 36 but was 37. Strings differ at index 36.
  Expected: "http://localhost:60639/Account/Login"
  But was:  "http://localhost:60639/Account/Login/"
  -----------------------------------------------^

[2017-06-02T18:43:50] [Failed] Home_ClickLogin_LoginLoaded
OpenQA.Selenium.NoSuchElementException : Unable to locate element: //*[@id="logoutForm"]/ul/li[2]/a
[2017-06-02T18:44:40] [Failed] Home_ClickLogin_LoginLoaded
OpenQA.Selenium.NoSuchElementException : Unable to locate element: //*[@id="logoutForm"]/ul/li[2]/a
[2017-06-02T18:46:16] [Failed] Home_ClickLogin_LoginLoaded
  Expected string length 5 but was 0. Strings differ at index 0.
  Expected: "Login"
  But was:  <string.Empty>
  -----------^

[2017-06-02T18:51:10] [Failed] Home_ClickLogin_LoginLoaded
  Expected string length 6 but was 0. Strings differ at index 0.
  Expected: "Log in"
  But was:  <string.Empty>
  -----------^

[2017-06-02T18:54:54] [Failed] Home_ClickLogin_LoginLoaded
  Expected string length 6 but was 0. Strings differ at index 0.
  Expected: "Log in"
  But was:  <string.Empty>
  -----------^

[2017-06-02T18:55:39] [Failed] Home_ClickLogin_LoginLoaded
  Expected string length 6 but was 0. Strings differ at index 0.
  Expected: "Log in"
  But was:  <string.Empty>
  -----------^

[2017-06-02T18:59:51] [Failed] Home_ClickLogin_LoginLoaded
  Expected string length 37 but was 23. Strings differ at index 23.
  Expected: "http://localhost:60639/Account/Login/"
  But was:  "http://localhost:60639/"
  ----------------------------------^

[2017-06-02T19:07:47] [Failed] Home_ClickLogin_LoginLoaded
  Expected string length 37 but was 36. Strings differ at index 36.
  Expected: "http://localhost:60639/Account/Login/"
  But was:  "http://localhost:60639/Account/Login"
  -----------------------------------------------^

[2017-06-02T19:08:34] [Failed] Home_ClickLogin_LoginLoaded
  Expected string length 6 but was 0. Strings differ at index 0.
  Expected: "Log in"
  But was:  <string.Empty>
  -----------^

[2017-06-02T19:18:04] [Failed] Home_ClickLogin_LoginLoaded
  Expected string length 6 but was 0. Strings differ at index 0.
  Expected: "Log in"
  But was:  <string.Empty>
  -----------^

[2017-06-02T19:23:54] [Failed] Home_ClickLogin_LoginLoaded
System.Reflection.TargetParameterCountException : Parameter count mismatch.
[2017-06-02T19:27:24] [Failed] Home_ClickLogin_LoginLoaded
System.Reflection.TargetParameterCountException : Parameter count mismatch.
[2017-06-02T19:29:47] [Failed] Home_ClickLogin_LoginLoaded
System.ArgumentException : Object of type 'System.String' cannot be converted to type 'OpenQA.Selenium.IWebDriver'.
[2017-06-02T19:31:10] [Failed] Home_ClickLogin_LoginLoaded
System.ArgumentException : Object of type 'System.String' cannot be converted to type 'OpenQA.Selenium.IWebDriver'.
[2017-06-02T19:39:03] [Failed] Home_ClickLogin_LoginLoaded
System.ArgumentException : Object of type 'System.String' cannot be converted to type 'OpenQA.Selenium.IWebDriver'.
[2017-06-02T19:40:55] [Failed] Home_ClickLogin_LoginLoaded
System.ArgumentException : Object of type 'System.String' cannot be converted to type 'OpenQA.Selenium.IWebDriver'.
[2017-06-02T19:41:24] [Passed] Home_ClickLogin_LoginLoaded
[2017-06-02T19:43:57] [Failed] Home_ClickRegister_RegisterLoaded
System.ArgumentException : Object of type 'System.String' cannot be converted to type 'OpenQA.Selenium.IWebDriver'.
[2017-06-02T19:44:31] [Passed] Home_ClickRegister_RegisterLoaded
[2017-06-02T19:44:49] [Passed] Home_ClickLogin_LoginLoaded
[2017-06-02T19:48:28] [Passed] Home_CreateArticle_ReadArticle
[2017-06-02T19:48:58] [Failed] Home_CreateArticle_ReadArticle
OpenQA.Selenium.StaleElementReferenceException : The element reference of <a> stale: either the element is no longer attached to the DOM or the page has been refreshed
[2017-06-02T19:49:33] [Passed] Home_CreateArticle_ReadArticle
[2017-06-02T19:52:10] [Failed] Home_LogoClick_HomePageLoaded
System.NullReferenceException : Object reference not set to an instance of an object.
[2017-06-02T19:53:32] [Failed] Home_LogoClick_HomePageLoaded
System.NullReferenceException : Object reference not set to an instance of an object.
[2017-06-02T19:54:09] [Failed] Home_LogoClick_HomePageLoaded
System.NullReferenceException : Object reference not set to an instance of an object.
[2017-06-02T19:57:58] [Passed] Home_LogoClick_HomePageLoaded
[2017-06-02T20:11:32] [Failed] Manage_ClickAccount_NavigateToManagePage
System.NullReferenceException : Object reference not set to an instance of an object.
[2017-06-02T20:12:28] [Failed] Manage_ClickAccount_NavigateToManagePage
System.NullReferenceException : Object reference not set to an instance of an object.
[2017-06-02T20:13:30] [Failed] Manage_ClickAccount_NavigateToManagePage
System.NullReferenceException : Object reference not set to an instance of an object.
[2017-06-02T20:17:35] [Failed] Manage_ClickAccount_NavigateToManagePage
System.NullReferenceException : Object reference not set to an instance of an object.
[2017-06-02T20:25:27] [Failed] Manage_ClickAccount_NavigateToManagePage
System.NullReferenceException : Object reference not set to an instance of an object.
[2017-06-02T20:26:18] [Failed] Manage_ClickAccount_NavigateToManagePage
System.NullReferenceException : Object reference not set to an instance of an object.
[2017-06-02T20:26:47] [Failed] Manage_ClickAccount_NavigateToManagePage
System.NullReferenceException : Object reference not set to an instance of an object.
[2017-06-02T20:28:27] [Failed] Manage_ClickAccount_NavigateToManagePage
System.NullReferenceException : Object reference not set to an instance of an object.
[2017-06-02T20:31:28] [Failed] Manage_ClickAccount_NavigateToManagePage
System.NullReferenceException : Object reference not set to an instance of an object.
[2017-06-02T20:34:03] [Passed] Manage_ClickAccount_NavigateToManagePage
[2017-06-02T20:39:48] [Passed] Manage_ClickAccount_NavigateToManagePage
[2017-06-02T20:40:15] [Failed] Create_CreateArticleCancelButton_NavigateToHomePage
System.NullReferenceException : Object reference not set to an instance of an object.
[2017-06-02T20:43:02] [Passed] Create_CreateArticleCancelButton_NavigateToHomePage
[2017-06-02T20:52:02] [Passed] Create_CreateArticleCancelButton_NavigateToHomePage
[2017-06-02T20:52:33] [Failed] Delete_ClickDeleteButton_ConfirmationPageLoaded
  Expected string length 6 but was 0. Strings differ at index 0.
  Expected: "Delete"
  But was:  <string.Empty>
  -----------^

[2017-06-02T20:58:44] [Failed] Delete_ClickDeleteButton_ConfirmationPageLoaded
OpenQA.Selenium.NoSuchElementException : Unable to locate element: /html/body/div[2]/div/article/footer/a[2]
[2017-06-02T21:01:09] [Failed] Delete_ClickDeleteButton_ConfirmationPageLoaded
OpenQA.Selenium.NoSuchElementException : Unable to locate element: /html/body/div[2]/div/article/footer/a[2]
[2017-06-02T21:03:54] [Failed] Delete_ClickDeleteButton_ConfirmationPageLoaded
System.InvalidOperationException : Tried to run command without establishing a connection
[2017-06-02T21:04:35] [Failed] Delete_ClickDeleteButton_ConfirmationPageLoaded
OpenQA.Selenium.NoSuchElementException : Unable to locate element: //*[contains(text(), 'Article2cbb8ff1-ef58-4c50-be40-a11d8b1f6749')]
[2017-06-02T21:05:14] [Failed] Delete_ClickDeleteButton_ConfirmationPageLoaded
  String lengths are both 41. Strings differ at index 21.
  Expected: "http://localhost:60634/Article/Delete/180"
  But was:  "http://localhost:60639/Article/Delete/180"
  --------------------------------^

[2017-06-02T21:05:55] [Passed] Delete_ClickDeleteButton_ConfirmationPageLoaded
[2017-06-02T21:07:12] [Passed] Edit_ClickEdit_EditPageLoaded
[2017-06-02T21:08:30] [Passed] Create_CreateArticleCancelButton_NavigateToHomePage
[2017-06-02T21:08:35] [Passed] Create_ValidFieldEntries_ArticleCreated
[2017-06-02T21:08:41] [Passed] Delete_ClickDeleteButton_ConfirmationPageLoaded
[2017-06-02T21:08:57] [Passed] Delete_DeleteArticle_ArticleDeteted
[2017-06-02T21:09:03] [Passed] Edit_ChangeContent_ContentChanged
[2017-06-02T21:09:09] [Passed] Edit_ClickEdit_EditPageLoaded
[2017-06-02T21:09:11] [Passed] CheckWebSiteLoad_EnterBlogURL_OpenBlogHomePage
[2017-06-02T21:09:23] [Failed] Home_ClickLogin_LoginLoaded
OpenQA.Selenium.WebDriverTimeoutException : Timed out after 10 seconds
  ----> OpenQA.Selenium.NoSuchElementException : Unable to locate element: #loginLink
[2017-06-02T21:09:37] [Failed] Home_ClickRegister_RegisterLoaded
OpenQA.Selenium.WebDriverTimeoutException : Timed out after 10 seconds
  ----> OpenQA.Selenium.NoSuchElementException : Unable to locate element: #registerLink
[2017-06-02T21:09:42] [Passed] Home_CreateArticle_ReadArticle
[2017-06-02T21:09:46] [Passed] Home_LogoClick_HomePageLoaded
[2017-06-02T21:09:52] [Passed] Manage_ClickAccount_NavigateToManagePage
[2017-06-02T21:09:55] [Passed] Login_Blank_Email_Login_Unsuccessful
[2017-06-02T21:10:00] [Passed] Login_ValidCredentials_LoginSuccessful
[2017-06-02T21:10:03] [Passed] Login_WithoutPassword_LoginUnsuccessful
[2017-06-02T21:10:07] [Passed] Logoff_ClickLogoffLink_LogoffSuccessful
[2017-06-02T21:10:12] [Passed] Account_ClickOnChangePassword_ChangePasswordPageLoaded
[2017-06-02T21:10:15] [Passed] Register_UniqueCredentials_RegisterSuccessful
[2017-06-02T21:10:19] [Passed] Register_Without_ConfirmPassword
[2017-06-02T21:10:25] [Passed] Register_Without_Email
[2017-06-02T21:10:27] [Passed] Register_Without_FullName
[2017-06-02T21:10:30] [Passed] Register_Without_Password
[2017-06-02T21:10:52] [Passed] Home_ClickLogin_LoginLoaded
[2017-06-02T21:11:12] [Passed] Home_ClickRegister_RegisterLoaded
[2017-06-04T10:40:07] [Failed] Create_ArticleWIthoutTitle_ArticleNotCreated
  Expected: "The Title field is required."
  But was:  <Element (id = ef0f3f83-671a-4c61-bb86-8d6740935062)>

[2017-06-04T10:41:15] [Passed] Create_ArticleWIthoutTitle_ArticleNotCreated
[2017-06-04T10:47:15] [Passed] Create_ArticleWithoutContent_ArticleNotCreated
[2017-06-04T10:52:06] [Failed] Create_ArticleWithTitleOutsideRange_ArticleNotCreated
System.NullReferenceException : Object reference not set to an instance of an object.
[2017-06-04T10:53:32] [Passed] Create_ArticleWithTitleOutsideRange_ArticleNotCreated
[2017-06-04T11:06:36] [Failed] Login_WithInvalidPassword_LoginUnsuccessful
System.InvalidOperationException : Failed to decode response from marionette
[2017-06-04T11:15:00] [Passed] Login_WithInvalidPassword_LoginUnsuccessful
[2017-06-04T11:23:34] [Failed] Login_WithInvalidEmail_LoginUnsuccessful
OpenQA.Selenium.NoSuchElementException : Unable to locate element: #Email\-error
[2017-06-04T11:24:40] [Failed] Login_WithInvalidEmail_LoginUnsuccessful
OpenQA.Selenium.NoSuchElementException : Unable to locate element: AssertInvalidEmailErrorMessageExists
[2017-06-04T11:26:30] [Failed] Login_WithInvalidEmail_LoginUnsuccessful
System.InvalidOperationException : Failed to decode response from marionette
[2017-06-04T11:27:22] [Failed] Login_WithInvalidEmail_LoginUnsuccessful
OpenQA.Selenium.NoSuchElementException : Unable to locate element: //*[@id="Email-error"]
[2017-06-04T11:44:25] [Passed] Login_WithInvalidEmail_LoginUnsuccessful
[2017-06-04T11:51:28] [Passed] Create_ArticleWithoutContent_ArticleNotCreated
[2017-06-04T11:51:31] [Failed] Create_ArticleWIthoutTitle_ArticleNotCreated
System.NullReferenceException : Object reference not set to an instance of an object.
[2017-06-04T11:51:35] [Passed] Create_ArticleWithTitleOutsideRange_ArticleNotCreated
[2017-06-04T11:51:40] [Passed] Create_CreateArticleCancelButton_NavigateToHomePage
[2017-06-04T11:51:43] [Passed] Create_ValidFieldEntries_ArticleCreated
[2017-06-04T11:51:48] [Passed] Delete_ClickDeleteButton_ConfirmationPageLoaded
[2017-06-04T11:52:03] [Passed] Delete_DeleteArticle_ArticleDeteted
[2017-06-04T11:52:09] [Passed] Edit_ChangeContent_ContentChanged
[2017-06-04T11:52:13] [Passed] Edit_ClickEdit_EditPageLoaded
[2017-06-04T11:52:14] [Passed] CheckWebSiteLoad_EnterBlogURL_OpenBlogHomePage
[2017-06-04T11:52:25] [Failed] Home_ClickLogin_LoginLoaded
OpenQA.Selenium.WebDriverTimeoutException : Timed out after 10 seconds
  ----> OpenQA.Selenium.NoSuchElementException : Unable to locate element: #loginLink
[2017-06-04T11:52:37] [Failed] Home_ClickRegister_RegisterLoaded
OpenQA.Selenium.WebDriverTimeoutException : Timed out after 10 seconds
  ----> OpenQA.Selenium.NoSuchElementException : Unable to locate element: #registerLink
[2017-06-04T11:52:42] [Passed] Home_CreateArticle_ReadArticle
[2017-06-04T11:52:44] [Passed] Home_LogoClick_HomePageLoaded
[2017-06-04T11:52:48] [Failed] Manage_ClickAccount_NavigateToManagePage
  Expected string length 29 but was 35. Strings differ at index 23.
  Expected: "http://localhost:60639/Manage"
  But was:  "http://localhost:60639/Article/List"
  ----------------------------------^

[2017-06-04T11:52:50] [Passed] Login_Blank_Email_Login_Unsuccessful
[2017-06-04T11:52:54] [Passed] Login_ValidCredentials_LoginSuccessful
[2017-06-04T11:52:56] [Passed] Login_WithInvalidEmail_LoginUnsuccessful
[2017-06-04T11:52:59] [Passed] Login_WithInvalidPassword_LoginUnsuccessful
[2017-06-04T11:53:01] [Passed] Login_WithoutPassword_LoginUnsuccessful
[2017-06-04T11:53:03] [Passed] Logoff_ClickLogoffLink_LogoffSuccessful
[2017-06-04T11:53:09] [Passed] Account_ClickOnChangePassword_ChangePasswordPageLoaded
[2017-06-04T11:53:10] [Passed] Register_UniqueCredentials_RegisterSuccessful
[2017-06-04T11:53:12] [Passed] Register_Without_ConfirmPassword
[2017-06-04T11:53:14] [Passed] Register_Without_Email
[2017-06-04T11:53:15] [Passed] Register_Without_FullName
[2017-06-04T11:53:17] [Passed] Register_Without_Password
[2017-06-04T11:54:44] [Passed] Create_ArticleWIthoutTitle_ArticleNotCreated
[2017-06-04T12:23:52] [Failed] Create_CommentArticle_CommentButtonExists
OpenQA.Selenium.NoSuchElementException : Unable to locate element: /html/body/div[2]/div/div/form/div[1]/ul/li
[2017-06-04T12:33:50] [Failed] Create_NavigateToArticle_ArticleAuthorExists
  Expected string length 44 but was 8. Strings differ at index 8.
  Expected: "--authorfa402b71-ac8e-42fc-bf49-d3bb5f96f448"
  But was:  "--author"
  -------------------^

[2017-06-04T12:48:18] [Failed] Edit_EditArticleFromOtherAuthor_EditUnsuccessful
System.NullReferenceException : Object reference not set to an instance of an object.
[2017-06-04T12:50:04] [Failed] Edit_EditArticleFromOtherAuthor_EditUnsuccessful
System.InvalidOperationException : Failed to decode response from marionette
[2017-06-04T12:51:08] [Failed] Edit_EditArticleFromOtherAuthor_EditUnsuccessful
System.InvalidOperationException : Failed to decode response from marionette
[2017-06-04T12:52:42] [Failed] Edit_EditArticleFromOtherAuthor_EditUnsuccessful
OpenQA.Selenium.NoSuchElementException : Unable to locate element: /html/body/div[2]/div/article/footer/a[1]
[2017-06-04T12:53:40] [Failed] Edit_EditArticleFromOtherAuthor_EditUnsuccessful
OpenQA.Selenium.NoSuchElementException : Unable to locate element: /html/body/div[2]/div/article/footer/a[1]
[2017-06-04T12:54:41] [Failed] Edit_EditArticleFromOtherAuthor_EditUnsuccessful
System.InvalidOperationException : Failed to decode response from marionette
[2017-06-04T12:57:33] [Failed] Edit_EditArticleFromOtherAuthor_EditUnsuccessful
OpenQA.Selenium.NoSuchElementException : Unable to locate element: /html/body/div[2]/div/article/footer/a[1]
[2017-06-04T12:58:10] [Failed] Edit_EditArticleFromOtherAuthor_EditUnsuccessful
OpenQA.Selenium.InvalidSelectorException : Given xpath expression "//a[contains(text(), 'Unable to edit other Author's articles')]" is invalid: SyntaxError: The expression is not a legal expression.
[2017-06-04T13:05:16] [Passed] Create_ArticleWithoutContent_ArticleNotCreated
[2017-06-04T13:05:20] [Passed] Create_ArticleWIthoutTitle_ArticleNotCreated
[2017-06-04T13:05:23] [Passed] Create_ArticleWithTitleOutsideRange_ArticleNotCreated
[2017-06-04T13:05:27] [Failed] Create_CommentArticle_CommentButtonExists
OpenQA.Selenium.InvalidSelectorException : Given xpath expression "//a[contains(text(), 'About us']" is invalid: SyntaxError: The expression is not a legal expression.
[2017-06-04T13:05:32] [Passed] Create_CreateArticleCancelButton_NavigateToHomePage
[2017-06-04T13:05:36] [Failed] Create_NavigateToArticle_ArticleAuthorExists
  Expected string length 44 but was 8. Strings differ at index 8.
  Expected: "--author2fa2662a-f67d-4785-9479-a2f2aee86432"
  But was:  "--author"
  -------------------^

[2017-06-04T13:05:40] [Passed] Create_ValidFieldEntries_ArticleCreated
[2017-06-04T13:05:45] [Passed] Delete_ClickDeleteButton_ConfirmationPageLoaded
[2017-06-04T13:06:00] [Passed] Delete_DeleteArticle_ArticleDeteted
[2017-06-04T13:06:06] [Passed] Edit_ChangeContent_ContentChanged
[2017-06-04T13:06:11] [Passed] Edit_ClickEdit_EditPageLoaded
[2017-06-04T13:06:19] [Failed] Edit_EditArticleFromOtherAuthor_EditUnsuccessful
OpenQA.Selenium.InvalidSelectorException : Given xpath expression "//a[contains(text(), 'Unable to edit other Author's articles')]" is invalid: SyntaxError: The expression is not a legal expression.
[2017-06-04T13:06:19] [Passed] CheckWebSiteLoad_EnterBlogURL_OpenBlogHomePage
[2017-06-04T13:06:31] [Failed] Home_ClickLogin_LoginLoaded
OpenQA.Selenium.WebDriverTimeoutException : Timed out after 10 seconds
  ----> OpenQA.Selenium.NoSuchElementException : Unable to locate element: #loginLink
[2017-06-04T13:06:42] [Failed] Home_ClickRegister_RegisterLoaded
OpenQA.Selenium.WebDriverTimeoutException : Timed out after 10 seconds
  ----> OpenQA.Selenium.NoSuchElementException : Unable to locate element: #registerLink
[2017-06-04T13:06:47] [Passed] Home_CreateArticle_ReadArticle
[2017-06-04T13:06:49] [Passed] Home_LogoClick_HomePageLoaded
[2017-06-04T13:06:54] [Passed] Manage_ClickAccount_NavigateToManagePage
[2017-06-04T13:06:55] [Passed] Login_Blank_Email_Login_Unsuccessful
[2017-06-04T13:06:59] [Passed] Login_ValidCredentials_LoginSuccessful
[2017-06-04T13:07:00] [Passed] Login_WithInvalidEmail_LoginUnsuccessful
[2017-06-04T13:07:04] [Passed] Login_WithInvalidPassword_LoginUnsuccessful
[2017-06-04T13:07:07] [Passed] Login_WithoutPassword_LoginUnsuccessful
[2017-06-04T13:07:12] [Passed] Logoff_ClickLogoffLink_LogoffSuccessful
[2017-06-04T13:07:18] [Passed] Account_ClickOnChangePassword_ChangePasswordPageLoaded
[2017-06-04T13:07:20] [Passed] Register_UniqueCredentials_RegisterSuccessful
[2017-06-04T13:07:22] [Passed] Register_Without_ConfirmPassword
[2017-06-04T13:07:23] [Passed] Register_Without_Email
[2017-06-04T13:07:25] [Passed] Register_Without_FullName
[2017-06-04T13:07:27] [Passed] Register_Without_Password
[2017-06-04T13:35:37] [Failed] Comment_CommentAnArticle_CommentCreated
OpenQA.Selenium.NoSuchElementException : Unable to locate element: //*[contains(text(), 'Articled0c7c0ed-6f65-4aeb-83be-0fd50ea40ac4')]
[2017-06-04T13:36:10] [Failed] Comment_CommentAnArticle_CommentCreated
OpenQA.Selenium.InvalidSelectorException : Given xpath expression "//a[contains(text(), 'Comment']" is invalid: SyntaxError: The expression is not a legal expression.
[2017-06-04T13:37:24] [Failed] Comment_CommentArticle_CommentButtonExists
OpenQA.Selenium.InvalidSelectorException : Given xpath expression "//a[contains(text(), 'Comment']" is invalid: SyntaxError: The expression is not a legal expression.
[2017-06-04T13:40:33] [Failed] Comment_CommentArticle_CommentButtonExists
OpenQA.Selenium.NoSuchElementException : Unable to locate element: //a[contains(text(), 'Comment')]
[2017-06-04T13:42:01] [Failed] Edit_EditArticleFromOtherAuthor_EditUnsuccessful
OpenQA.Selenium.InvalidSelectorException : Given xpath expression "//a[contains(text(), 'Unable to edit other Author's articles')]" is invalid: SyntaxError: The expression is not a legal expression.
[2017-06-04T13:42:49] [Failed] Edit_EditArticleFromOtherAuthor_EditUnsuccessful
OpenQA.Selenium.InvalidSelectorException : Given xpath expression "//a[contains(text(), 'Unable to edit other Author's articles')]" is invalid: SyntaxError: The expression is not a legal expression.
[2017-06-04T13:43:30] [Failed] Edit_EditArticleFromOtherAuthor_EditUnsuccessful
OpenQA.Selenium.NoSuchElementException : Unable to locate element: //a[contains(text(), 'Unable to edit other Authors articles')]
[2017-06-04T13:44:57] [Failed] Comment_CommentAnArticle_CommentCreated
OpenQA.Selenium.NoSuchElementException : Unable to locate element: //a[contains(text(), 'Comment')]
[2017-06-04T13:45:11] [Failed] Comment_CommentArticle_CommentButtonExists
OpenQA.Selenium.NoSuchElementException : Unable to locate element: //a[contains(text(), 'Comment')]
[2017-06-04T13:45:15] [Passed] Create_ArticleWithoutContent_ArticleNotCreated
[2017-06-04T13:45:18] [Passed] Create_ArticleWIthoutTitle_ArticleNotCreated
[2017-06-04T13:45:22] [Passed] Create_ArticleWithTitleOutsideRange_ArticleNotCreated
[2017-06-04T13:45:26] [Passed] Create_CreateArticleCancelButton_NavigateToHomePage
[2017-06-04T13:45:30] [Failed] Create_NavigateToArticle_ArticleAuthorExists
  Expected string length 44 but was 8. Strings differ at index 8.
  Expected: "--authorff427cc3-c6f5-426f-b6e0-5fea5c13f4aa"
  But was:  "--author"
  -------------------^

[2017-06-04T13:45:34] [Passed] Create_ValidFieldEntries_ArticleCreated
[2017-06-04T13:45:39] [Passed] Delete_ClickDeleteButton_ConfirmationPageLoaded
[2017-06-04T13:45:54] [Passed] Delete_DeleteArticle_ArticleDeteted
[2017-06-04T13:46:00] [Passed] Edit_ChangeContent_ContentChanged
[2017-06-04T13:46:05] [Passed] Edit_ClickEdit_EditPageLoaded
[2017-06-04T13:46:08] [Failed] Edit_EditArticleFromOtherAuthor_EditUnsuccessful
OpenQA.Selenium.StaleElementReferenceException : The element reference of <a> stale: either the element is no longer attached to the DOM or the page has been refreshed
[2017-06-04T13:46:09] [Passed] CheckWebSiteLoad_EnterBlogURL_OpenBlogHomePage
[2017-06-04T13:46:20] [Failed] Home_ClickLogin_LoginLoaded
OpenQA.Selenium.WebDriverTimeoutException : Timed out after 10 seconds
  ----> OpenQA.Selenium.NoSuchElementException : Unable to locate element: #loginLink
[2017-06-04T13:46:32] [Failed] Home_ClickRegister_RegisterLoaded
OpenQA.Selenium.WebDriverTimeoutException : Timed out after 10 seconds
  ----> OpenQA.Selenium.NoSuchElementException : Unable to locate element: #registerLink
[2017-06-04T13:46:36] [Passed] Home_CreateArticle_ReadArticle
[2017-06-04T13:46:42] [Passed] Home_LogoClick_HomePageLoaded
[2017-06-04T13:46:47] [Passed] Manage_ClickAccount_NavigateToManagePage
[2017-06-04T13:46:48] [Passed] Login_Blank_Email_Login_Unsuccessful
[2017-06-04T13:46:52] [Passed] Login_ValidCredentials_LoginSuccessful
[2017-06-04T13:46:54] [Passed] Login_WithInvalidEmail_LoginUnsuccessful
[2017-06-04T13:46:57] [Passed] Login_WithInvalidPassword_LoginUnsuccessful
[2017-06-04T13:46:59] [Passed] Login_WithoutPassword_LoginUnsuccessful
[2017-06-04T13:47:02] [Passed] Logoff_ClickLogoffLink_LogoffSuccessful
[2017-06-04T13:47:07] [Passed] Account_ClickOnChangePassword_ChangePasswordPageLoaded
[2017-06-04T13:47:09] [Passed] Register_UniqueCredentials_RegisterSuccessful
[2017-06-04T13:47:11] [Passed] Register_Without_ConfirmPassword
[2017-06-04T13:47:13] [Passed] Register_Without_Email
[2017-06-04T13:47:14] [Passed] Register_Without_FullName
[2017-06-04T13:47:16] [Passed] Register_Without_Password
[2017-06-04T21:32:05] [Failed] Comment_CommentAnArticle_CommentCreated
OpenQA.Selenium.NoSuchElementException : Unable to locate element: //*[contains(text(), 'Articleff9b69a0-63d2-4838-b6e9-41e34750bf44')]
[2017-06-04T21:32:19] [Failed] Comment_CommentArticle_CommentButtonExists
OpenQA.Selenium.NoSuchElementException : Unable to locate element: //a[contains(text(), 'Comment')]
[2017-06-04T21:32:23] [Passed] Create_ArticleWithoutContent_ArticleNotCreated
[2017-06-04T21:32:26] [Passed] Create_ArticleWIthoutTitle_ArticleNotCreated
[2017-06-04T21:32:30] [Passed] Create_ArticleWithTitleOutsideRange_ArticleNotCreated
[2017-06-04T21:32:34] [Passed] Create_CreateArticleCancelButton_NavigateToHomePage
[2017-06-04T21:32:39] [Failed] Create_NavigateToArticle_ArticleAuthorExists
  Expected string length 44 but was 8. Strings differ at index 8.
  Expected: "--author5df1541b-3390-4c9e-8aae-68aaffb17d33"
  But was:  "--author"
  -------------------^

[2017-06-04T21:32:43] [Passed] Create_ValidFieldEntries_ArticleCreated
[2017-06-04T21:32:48] [Passed] Delete_ClickDeleteButton_ConfirmationPageLoaded
[2017-06-04T21:33:03] [Passed] Delete_DeleteArticle_ArticleDeteted
[2017-06-04T21:33:09] [Passed] Edit_ChangeContent_ContentChanged
[2017-06-04T21:33:13] [Passed] Edit_ClickEdit_EditPageLoaded
[2017-06-04T21:33:16] [Failed] Edit_EditArticleFromOtherAuthor_EditUnsuccessful
OpenQA.Selenium.StaleElementReferenceException : The element reference of <a> stale: either the element is no longer attached to the DOM or the page has been refreshed
[2017-06-04T21:33:17] [Passed] CheckWebSiteLoad_EnterBlogURL_OpenBlogHomePage
[2017-06-04T21:33:28] [Failed] Home_ClickLogin_LoginLoaded
OpenQA.Selenium.WebDriverTimeoutException : Timed out after 10 seconds
  ----> OpenQA.Selenium.NoSuchElementException : Unable to locate element: #loginLink
[2017-06-04T21:33:41] [Failed] Home_ClickRegister_RegisterLoaded
OpenQA.Selenium.WebDriverTimeoutException : Timed out after 10 seconds
  ----> OpenQA.Selenium.NoSuchElementException : Unable to locate element: #registerLink
[2017-06-04T21:33:47] [Passed] Home_CreateArticle_ReadArticle
[2017-06-04T21:33:49] [Passed] Home_LogoClick_HomePageLoaded
[2017-06-04T21:33:54] [Failed] Manage_ClickAccount_NavigateToManagePage
  Expected string length 29 but was 35. Strings differ at index 23.
  Expected: "http://localhost:60639/Manage"
  But was:  "http://localhost:60639/Article/List"
  ----------------------------------^

[2017-06-04T21:33:55] [Passed] Login_Blank_Email_Login_Unsuccessful
[2017-06-04T21:33:59] [Passed] Login_ValidCredentials_LoginSuccessful
[2017-06-04T21:34:01] [Passed] Login_WithInvalidEmail_LoginUnsuccessful
[2017-06-04T21:34:04] [Passed] Login_WithInvalidPassword_LoginUnsuccessful
[2017-06-04T21:34:06] [Passed] Login_WithoutPassword_LoginUnsuccessful
[2017-06-04T21:34:09] [Passed] Logoff_ClickLogoffLink_LogoffSuccessful
[2017-06-04T21:34:14] [Passed] Account_ClickOnChangePassword_ChangePasswordPageLoaded
[2017-06-04T21:34:16] [Passed] Register_UniqueCredentials_RegisterSuccessful
[2017-06-04T21:34:17] [Passed] Register_Without_ConfirmPassword
[2017-06-04T21:34:19] [Passed] Register_Without_Email
[2017-06-04T21:34:21] [Passed] Register_Without_FullName
[2017-06-04T21:34:23] [Passed] Register_Without_Password
[2017-06-05T21:52:02] [Failed] Comment_CommentAnArticle_CommentCreated
OpenQA.Selenium.NoSuchElementException : Unable to locate element: //a[contains(text(), 'Comment')]
[2017-06-05T21:52:16] [Failed] Comment_CommentArticle_CommentButtonExists
OpenQA.Selenium.NoSuchElementException : Unable to locate element: //a[contains(text(), 'Comment')]
[2017-06-05T21:52:20] [Passed] Create_ArticleWithoutContent_ArticleNotCreated
[2017-06-05T21:52:23] [Passed] Create_ArticleWIthoutTitle_ArticleNotCreated
[2017-06-05T21:52:26] [Passed] Create_ArticleWithTitleOutsideRange_ArticleNotCreated
[2017-06-05T21:52:31] [Passed] Create_CreateArticleCancelButton_NavigateToHomePage
[2017-06-05T21:52:35] [Failed] Create_NavigateToArticle_ArticleAuthorExists
  Expected string length 44 but was 8. Strings differ at index 8.
  Expected: "--author1a430444-1af3-4704-a069-6a97f249eb7c"
  But was:  "--author"
  -------------------^

[2017-06-05T21:52:40] [Passed] Create_ValidFieldEntries_ArticleCreated
[2017-06-05T21:52:45] [Passed] Delete_ClickDeleteButton_ConfirmationPageLoaded
[2017-06-05T21:53:00] [Passed] Delete_DeleteArticle_ArticleDeteted
[2017-06-05T21:53:06] [Passed] Edit_ChangeContent_ContentChanged
[2017-06-05T21:53:11] [Passed] Edit_ClickEdit_EditPageLoaded
[2017-06-05T21:53:28] [Failed] Edit_EditArticleFromOtherAuthor_EditUnsuccessful
OpenQA.Selenium.NoSuchElementException : Unable to locate element: //a[contains(text(), 'Unable to edit other Authors articles')]
[2017-06-05T21:53:28] [Passed] CheckWebSiteLoad_EnterBlogURL_OpenBlogHomePage
[2017-06-05T21:53:40] [Failed] Home_ClickLogin_LoginLoaded
OpenQA.Selenium.WebDriverTimeoutException : Timed out after 10 seconds
  ----> OpenQA.Selenium.NoSuchElementException : Unable to locate element: #loginLink
[2017-06-05T21:53:52] [Failed] Home_ClickRegister_RegisterLoaded
OpenQA.Selenium.WebDriverTimeoutException : Timed out after 10 seconds
  ----> OpenQA.Selenium.NoSuchElementException : Unable to locate element: #registerLink
[2017-06-05T21:53:56] [Passed] Home_CreateArticle_ReadArticle
[2017-06-05T21:53:59] [Passed] Home_LogoClick_HomePageLoaded
[2017-06-05T21:54:03] [Failed] Manage_ClickAccount_NavigateToManagePage
  Expected string length 29 but was 35. Strings differ at index 23.
  Expected: "http://localhost:60639/Manage"
  But was:  "http://localhost:60639/Article/List"
  ----------------------------------^

[2017-06-05T21:54:05] [Passed] Login_Blank_Email_Login_Unsuccessful
[2017-06-05T21:54:09] [Passed] Login_ValidCredentials_LoginSuccessful
[2017-06-05T21:54:11] [Passed] Login_WithInvalidEmail_LoginUnsuccessful
[2017-06-05T21:54:14] [Passed] Login_WithInvalidPassword_LoginUnsuccessful
[2017-06-05T21:54:16] [Passed] Login_WithoutPassword_LoginUnsuccessful
[2017-06-05T21:54:19] [Passed] Logoff_ClickLogoffLink_LogoffSuccessful
[2017-06-05T21:54:24] [Passed] Account_ClickOnChangePassword_ChangePasswordPageLoaded
[2017-06-05T21:54:26] [Passed] Register_UniqueCredentials_RegisterSuccessful
[2017-06-05T21:54:28] [Passed] Register_Without_ConfirmPassword
[2017-06-05T21:54:29] [Passed] Register_Without_Email
[2017-06-05T21:54:31] [Passed] Register_Without_FullName
[2017-06-05T21:54:33] [Passed] Register_Without_Password
[2017-06-05T23:03:58] [Failed] Comment_CommentAnArticle_CommentCreated
OpenQA.Selenium.NoSuchElementException : Unable to locate element: //a[contains(text(), 'Comment')]
[2017-06-05T23:04:12] [Failed] Comment_CommentArticle_CommentButtonExists
OpenQA.Selenium.NoSuchElementException : Unable to locate element: //a[contains(text(), 'Comment')]
[2017-06-05T23:04:16] [Passed] Create_ArticleWithoutContent_ArticleNotCreated
[2017-06-05T23:04:19] [Passed] Create_ArticleWIthoutTitle_ArticleNotCreated
[2017-06-05T23:04:23] [Passed] Create_ArticleWithTitleOutsideRange_ArticleNotCreated
[2017-06-05T23:04:27] [Passed] Create_CreateArticleCancelButton_NavigateToHomePage
[2017-06-05T23:04:31] [Failed] Create_NavigateToArticle_ArticleAuthorExists
  Expected string length 44 but was 8. Strings differ at index 8.
  Expected: "--authorc1aeb752-6159-4e94-8436-27855bda1b9a"
  But was:  "--author"
  -------------------^

[2017-06-05T23:04:36] [Passed] Create_ValidFieldEntries_ArticleCreated
[2017-06-05T23:04:41] [Passed] Delete_ClickDeleteButton_ConfirmationPageLoaded
[2017-06-05T23:04:56] [Passed] Delete_DeleteArticle_ArticleDeteted
[2017-06-05T23:05:02] [Passed] Edit_ChangeContent_ContentChanged
[2017-06-05T23:05:07] [Passed] Edit_ClickEdit_EditPageLoaded
[2017-06-05T23:05:10] [Failed] Edit_EditArticleFromOtherAuthor_EditUnsuccessful
OpenQA.Selenium.StaleElementReferenceException : The element reference of <a> stale: either the element is no longer attached to the DOM or the page has been refreshed
[2017-06-05T23:05:11] [Passed] CheckWebSiteLoad_EnterBlogURL_OpenBlogHomePage
[2017-06-05T23:05:22] [Failed] Home_ClickLogin_LoginLoaded
OpenQA.Selenium.WebDriverTimeoutException : Timed out after 10 seconds
  ----> OpenQA.Selenium.NoSuchElementException : Unable to locate element: #loginLink
[2017-06-05T23:05:34] [Failed] Home_ClickRegister_RegisterLoaded
OpenQA.Selenium.WebDriverTimeoutException : Timed out after 10 seconds
  ----> OpenQA.Selenium.NoSuchElementException : Unable to locate element: #registerLink
[2017-06-05T23:05:39] [Passed] Home_CreateArticle_ReadArticle
[2017-06-05T23:05:41] [Passed] Home_LogoClick_HomePageLoaded
[2017-06-05T23:05:46] [Passed] Manage_ClickAccount_NavigateToManagePage
[2017-06-05T23:05:47] [Passed] Login_BlankEmail_Login_Unsuccessful
[2017-06-05T23:05:51] [Passed] Login_ValidCredentials_LoginSuccessful
[2017-06-05T23:05:52] [Passed] Login_WithInvalidEmail_LoginUnsuccessful
[2017-06-05T23:05:56] [Passed] Login_WithInvalidPassword_LoginUnsuccessful
[2017-06-05T23:05:58] [Passed] Login_WithoutPassword_LoginUnsuccessful
[2017-06-05T23:06:01] [Passed] Logoff_ClickLogoffLink_LogoffSuccessful
[2017-06-05T23:06:06] [Passed] Account_ClickOnChangePassword_ChangePasswordPageLoaded
[2017-06-05T23:06:08] [Passed] Register_UniqueCredentials_RegisterSuccessful
[2017-06-05T23:06:10] [Passed] Register_Without_ConfirmPassword
[2017-06-05T23:06:12] [Passed] Register_Without_Email
[2017-06-05T23:06:13] [Passed] Register_Without_FullName
[2017-06-05T23:06:15] [Passed] Register_Without_Password
