
            <!DOCTYPE html>
            <html lang='en'>
            <!--
                ReportUnit 1.5 | http://reportunit.relevantcodes.com/
                Created by Anshoo Arora (Relevant Codes) | Released under the MIT license

                Template from:

                    ExtentReports Library | http://relevantcodes.com/extentreports-for-selenium/ | https://github.com/anshooarora/
                    Copyright (c) 2015, Anshoo Arora (Relevant Codes) | Copyrights licensed under the New BSD License | http://opensource.org/licenses/BSD-3-Clause
                    Documentation: http://extentreports.relevantcodes.com 
            -->
            <head><meta charset='utf-8'><meta http-equiv='X-UA-Compatible' content='IE=edge'><meta name='viewport' content='width=device-width, initial-scale=1'><meta name='description' content=''><meta name='author' content=''><title>ReportUnit TestRunner Report</title><link href='https://cdnjs.cloudflare.com/ajax/libs/materialize/0.97.2/css/materialize.min.css' rel='stylesheet' type='text/css'><link href='https://cdn.rawgit.com/reportunit/reportunit/785c3312e42c0650e7882109db9cca4ffae4259f/cdn/reportunit.css' type='text/css' rel='stylesheet' /></head><body><div class='header'><nav><ul id='slide-out' class='side-nav fixed'><li class='waves-effect report-item'><a href='./TestResult.html'><i class='mdi-action-assignment'></i><span class='sidenav-filename'>TestResult</span></a></li></ul><span class='file-name'>TestResult</span><ul class='left'><li class='logo'><a href='http://reportunit.relevantcodes.com/'><span>ReportUnit</span></a></li></ul><ul class='right nav-right'><li class='nav-item'><a class='modal-trigger waves-effect waves-light run-info-icon tooltipped' data-position='bottom' data-tooltip='Run Info' href='#modal1'><i class='mdi-action-info-outline'></i></a></li><!-- <div class='nav-item'><a class='modal-trigger waves-effect waves-light console-logs-icon tooltipped' data-position='bottom' data-tooltip='Console Logs' href='#modal2'><i class='mdi-action-assignment'></i></a></div> --><li class='nav-item'>v1.50.0</li></ul></nav></div><div class='main'><div class='main-wrap'><div class='row dashboard'><div class='col s12 m6 l4'><div class='card-panel'><div alt='Count of all passed tests' title='Count of all passed tests'>Suite Summary</div><div class='chart-box'><canvas class='text-centered' id='suite-analysis'></canvas></div><div><span class='weight-light'><span class='suite-pass-count weight-normal'></span> suites(s) passed</span></div> <div><span class='weight-light'><span class='suite-fail-count weight-normal'></span> suites(s) failed, <span class='suite-others-count weight-normal'></span> others</span></div> </div></div><div class='col s12 m6 l4'><div class='card-panel'><div alt='Count of all failed tests' title='Count of all failed tests'>Tests Summary</div><div class='chart-box'><canvas class='text-centered' id='test-analysis'></canvas></div><div><span class='weight-light'><span class='test-pass-count weight-normal'>1</span> test(s) passed</span></div> <div><span class='weight-light'><span class='test-fail-count weight-normal'>0</span> test(s) failed, <span class='test-others-count weight-normal'>1</span> others</span></div> </div></div><div class='col s12 m12 l4'><div class='card-panel'><div alt='Count of all inconclusive tests' title='Count of all inconclusive tests'>Pass Percentage</div><div class='panel-lead pass-percentage'></div><div class='progress'><div class='determinate'></div></div></div></div></div><div class='row'><div id='suites' class='suites'><div class='col'><div class='card-panel no-padding no-margin-v suite-list v-spacer'><div class='filters card-panel'><div><a class='dropdown-button button' href='#' data-hover='true' data-beloworigin='true' data-constrainwidth='true' data-activates='suite-toggle' alt='Filter suites' title='Filter suites'><i class='mdi-file-folder-open icon'></i></a><ul class='dropdown-content' id='suite-toggle'> <ul><li class='Passed'><a href='#!'>Passed</a></li><li class='Error'><a href='#!'>Error</a></li><li class='divider'></li> <li class='clear'><a href='#!'>Clear Filters</a></li> </ul></div> <div><a class='dropdown-button button' href='#' data-hover='true' data-beloworigin='true' data-constrainwidth='true' data-activates='tests-toggle' alt='Filter tests' title='Filter tests'><i class='mdi-action-subject icon'></i></a><ul class='dropdown-content' id='tests-toggle'> <ul><li class='Passed'><a href='#!'>Passed</a></li><li class='Error'><a href='#!'>Error</a></li><li class='divider'></li> <li class='clear'><a href='#!'>Clear Filters</a></li> </ul></div> <div><a title='Clear Filters' alt='Clear Filters' id='clear-filters' class='clear'><i class='mdi-navigation-close icon'></i></a> </div> &nbsp;<div> <a title='Enable Dashboard' alt='Enable Dashboard' id='enableDashboard' class='enabled'><i class='mdi-action-track-changes icon active'></i></a> </div></div><ul id='suite-collection' class='no-margin-v'><li class='suite passed'><div class='suite-head'><div class='suite-name'>HomePageTests</div><div class='suite-result passed right label'>Passed</div></div><div class='suite-content hide'><span alt='Suite started at time' title='Suite started at time' class='startedAt label green lighten-2 text-white'>7.824</span><div class='fixture-status-message'></div><table class='bordered'><thead><tr><th>TestName</th><th>Status</th><th>StatusMessage</th></tr></thead><tbody><tr class='passed test-status'><td class='test-name'><a class='showDescription name' href='#'>Blog.UI.Tests.HomePageTests.CheckWebSiteLoad_EnterBlogURL_OpenBlogHomePage</a><p class='hide description'>Navigate to Blog webb address, expected: Blog homepage open and Logo present</p></td><td class='test-status passed'><span class='label passed'>Passed</span></td><td class='test-features hide '></td></tr></tbody></table></div></li><li class='suite error'><div class='suite-head'><div class='suite-name'>OpenHomePageFeature</div><div class='suite-result error right label'>Error</div></div><div class='suite-content hide'><span alt='Suite started at time' title='Suite started at time' class='startedAt label green lighten-2 text-white'>6.421</span><div class='fixture-status-message'><div class='suite-desc'>One or more child tests had errors</div></div><table class='bordered'><thead><tr><th>TestName</th><th>Status</th><th>StatusMessage</th></tr></thead><tbody><tr class='error test-status'><td class='test-name'><a class='showDescription name' href='#'>Blog.UI.Tests.SpecFlowTests.OpenHomePageFeature.CheckWebSiteLoad_EnterBlogURL_OpenBlogHomePage</a><p class='hide description'>Check WebSite Load _ Enter Blog URL _ Open Blog Home Page</p></td><td class='test-status error'><span class='label error'>Error</span></td><td><div class='badge showStatusMessage error'><i class='mdi-alert-warning'></i></div><pre class='hide'>OpenQA.Selenium.WebDriverException : Unexpected error. System.Net.WebException: Unable to connect to the remote server ---> System.Net.Sockets.SocketException: No connection could be made because the target machine actively refused it [::1]:5362
   at System.Net.Sockets.Socket.DoConnect(EndPoint endPointSnapshot, SocketAddress socketAddress)
   at System.Net.ServicePoint.ConnectSocketInternal(Boolean connectFailure, Socket s4, Socket s6, Socket& socket, IPAddress& address, ConnectSocketState state, IAsyncResult asyncResult, Exception& exception)
   --- End of inner exception stack trace ---
   at System.Net.HttpWebRequest.GetRequestStream(TransportContext& context)
   at System.Net.HttpWebRequest.GetRequestStream()
   at OpenQA.Selenium.Remote.HttpCommandExecutor.Execute(Command commandToExecute)
   at OpenQA.Selenium.Remote.DriverServiceCommandExecutor.Execute(Command commandToExecute)
   at OpenQA.Selenium.Remote.RemoteWebDriver.Execute(String driverCommandToExecute, Dictionary`2 parameters)at OpenQA.Selenium.Remote.RemoteWebDriver.UnpackAndThrowOnError(Response errorResponse)
   at OpenQA.Selenium.Remote.RemoteWebDriver.Execute(String driverCommandToExecute, Dictionary`2 parameters)
   at OpenQA.Selenium.Remote.RemoteWebDriver.FindElement(String mechanism, String value)
   at Blog.UI.Tests.Pages.HomePage.HomePage.<>c.<get_Logo>b__4_0(IWebDriver w) in C:\Users\vaneto\Documents\Visual Studio 2015\Projects\Blog-Skeleton\Blog-Skeleton\Blog.UI.Tests\Pages\HomePage\HomePageMap.cs:line 16
   at OpenQA.Selenium.Support.UI.DefaultWait`1.Until[TResult](Func`2 condition)
   at Blog.UI.Tests.Pages.HomePage.HomePage.get_Logo() in C:\Users\vaneto\Documents\Visual Studio 2015\Projects\Blog-Skeleton\Blog-Skeleton\Blog.UI.Tests\Pages\HomePage\HomePageMap.cs:line 16
   at Blog.UI.Tests.Pages.HomePage.HomePageAsserter.AssertHomePageLogoDisplayed(HomePage page, String text) in C:\Users\vaneto\Documents\Visual Studio 2015\Projects\Blog-Skeleton\Blog-Skeleton\Blog.UI.Tests\Pages\HomePage\HomePageAsserter.cs:line 14
   at Blog.UI.Tests.SpecFlowTests.OpenHomePageSteps.ThenTheBlogHomePageIsOpen() in C:\Users\vaneto\Documents\Visual Studio 2015\Projects\Blog-Skeleton\Blog-Skeleton\Blog.UI.Tests\SpecFlowTests\OpenHomePageSteps.cs:line 36
   at TechTalk.SpecFlow.Bindings.BindingInvoker.InvokeBinding(IBinding binding, IContextManager contextManager, Object[] arguments, ITestTracer testTracer, TimeSpan& duration)
   at TechTalk.SpecFlow.Infrastructure.TestExecutionEngine.ExecuteStepMatch(BindingMatch match, Object[] arguments)
   at TechTalk.SpecFlow.Infrastructure.TestExecutionEngine.ExecuteStep(StepInstance stepInstance)
   at TechTalk.SpecFlow.Infrastructure.TestExecutionEngine.OnAfterLastStep()
   at Blog.UI.Tests.SpecFlowTests.OpenHomePageFeature.ScenarioCleanup()
   at Blog.UI.Tests.SpecFlowTests.OpenHomePageFeature.CheckWebSiteLoad_EnterBlogURL_OpenBlogHomePage() in C:\Users\vaneto\Documents\Visual Studio 2015\Projects\Blog-Skeleton\Blog-Skeleton\Blog.UI.Tests\SpecFlowTests\OpenHomePage.feature:line 10</pre></td><td class='test-features hide '></td></tr></tbody></table></div></li></ul></div></div><div class='col'><div class='card-panel suite-details no-margin-v v-spacer'><h5 class='suite-name-displayed'></h5><div class='details-container'></div></div></div></div></div></div></div><div id='modal1' class='modal'><div class='modal-content'><h4><!--%FILENAME%--> RunInfo</h4><table class='bordered'><thead><tr><th>Param</th><th>Value</th></tr></thead><tbody><tr><td>TestRunner</td><td>NUnit</td></tr></tbody></table></div><div class='modal-footer'><a href='#!' class='modal-action modal-close waves-effect waves-green btn-flat'>Close</a></div><div class='hidden total-tests'><!--%TOTALTESTS%--></div><div class='hidden total-passed'><!--%PASSED%--></div><div class='hidden total-failed'><!--%FAILED%--></div><div class='hidden total-inconclusive'><!--%INCONCLUSIVE%--></div><div class='hidden total-errors'><!--%ERRORS%--></div><div class='hidden total-skipped'><!--%SKIPPED%--></div></div><div id='dynamicModal' class='modal modal-trigger' in_duration='0' induration='0'><div class='modal-content'><h4></h4><pre></pre></div></div></body><script src='https://ajax.googleapis.com/ajax/libs/jquery/1.11.3/jquery.min.js'></script> <script src='https://cdnjs.cloudflare.com/ajax/libs/materialize/0.97.2/js/materialize.min.js'></script> <script src='https://cdnjs.cloudflare.com/ajax/libs/Chart.js/1.0.2/Chart.min.js'></script><script src='https://cdn.rawgit.com/reportunit/reportunit/785c3312e42c0650e7882109db9cca4ffae4259f/cdn/reportunit.js' type='text/javascript'></script></html>