<?xml version="1.0" encoding="utf-8" standalone="no"?>
<!--This file represents the results of running a test suite-->
<test-results name="C:\Users\vaneto\Documents\Visual Studio 2015\Projects\Blog-Skeleton\Blog-Skeleton\Blog.UI.Tests\bin\Debug\Blog.UI.Tests.dll" total="23" errors="4" failures="0" not-run="0" inconclusive="0" ignored="0" skipped="0" invalid="0" date="2017-06-02" time="07:53:26">
  <environment nunit-version="3.5.0.0" clr-version="4.0.30319.42000" os-version="Microsoft Windows NT 6.1.7601 Service Pack 1" platform="Win32NT" cwd="C:\BuildAgent\work\72fcba550db508b8" machine-name="VANETO-PC" user="vaneto" user-domain="vaneto-PC" />
  <culture-info current-culture="en-US" current-uiculture="en-US" />
  <test-suite type="Assembly" name="C:\Users\vaneto\Documents\Visual Studio 2015\Projects\Blog-Skeleton\Blog-Skeleton\Blog.UI.Tests\bin\Debug\Blog.UI.Tests.dll" executed="True" result="Failure" success="False" time="109.111" asserts="36">
    <properties>
      <property name="_PID" value="6444" />
      <property name="_APPDOMAIN" value="domain-" />
    </properties>
    <failure>
      <message><![CDATA[One or more child tests had errors]]></message>
      <stack-trace />
    </failure>
    <results>
      <test-suite type="TestSuite" name="Blog" executed="True" result="Failure" success="False" time="109.083" asserts="36">
        <failure>
          <message><![CDATA[One or more child tests had errors]]></message>
          <stack-trace />
        </failure>
        <results>
          <test-suite type="TestSuite" name="UI" executed="True" result="Failure" success="False" time="109.081" asserts="36">
            <failure>
              <message><![CDATA[One or more child tests had errors]]></message>
              <stack-trace />
            </failure>
            <results>
              <test-suite type="TestSuite" name="Tests" executed="True" result="Failure" success="False" time="109.080" asserts="36">
                <failure>
                  <message><![CDATA[One or more child tests had errors]]></message>
                  <stack-trace />
                </failure>
                <results>
                  <test-suite type="TestFixture" name="CreatePageTests" executed="True" result="Success" success="True" time="15.661" asserts="3">
                    <results>
                      <test-case name="Blog.UI.Tests.CreatePageTests.Create_CreateArticleCancelButton_NavigateToHomePage" description="User Register and Login, then navigate to Create page web address and clicks cancel button, expected: Redirected to Home page" executed="True" result="Success" success="True" time="5.023" asserts="1">
                        <properties>
                          <property name="Priority" value="1" />
                          <property name="Test scenario number:" value="4" />
                          <property name="Create test number:" value="1" />
                          <property name="Description" value="User Register and Login, then navigate to Create page web address and clicks cancel button, expected: Redirected to Home page" />
                          <property name="Author" value="Mario Georgiev" />
                        </properties>
                      </test-case>
                      <test-case name="Blog.UI.Tests.CreatePageTests.Create_ValidFieldEntries_ArticleCreated" description="User Register and Login, then navigate to Create page web address and enter valid data to create article, expected: Article created" executed="True" result="Success" success="True" time="3.505" asserts="2">
                        <properties>
                          <property name="Priority" value="1" />
                          <property name="Test scenario number:" value="4" />
                          <property name="Create test number:" value="1" />
                          <property name="Description" value="User Register and Login, then navigate to Create page web address and enter valid data to create article, expected: Article created" />
                          <property name="Author" value="vankatabe" />
                        </properties>
                      </test-case>
                    </results>
                  </test-suite>
                  <test-suite type="TestFixture" name="DeletePageTests" executed="True" result="Success" success="True" time="18.644" asserts="2">
                    <results>
                      <test-case name="Blog.UI.Tests.DeletePageTests.Delete_ClickDeleteButton_ConfirmationPageLoaded" description="User Register and Login and Create Article, then navigate to Delete page and click 'Delete' button, expected: Article Deleted from Article List" executed="True" result="Success" success="True" time="4.251" asserts="1">
                        <properties>
                          <property name="Priority" value="1" />
                          <property name="Test scenario number:" value="8" />
                          <property name="Delete test number:" value="1" />
                          <property name="Description" value="User Register and Login and Create Article, then navigate to Delete page and click 'Delete' button, expected: Article Deleted from Article List" />
                          <property name="Author" value="Mario Georgiev" />
                        </properties>
                      </test-case>
                      <test-case name="Blog.UI.Tests.DeletePageTests.Delete_DeleteArticle_ArticleDeteted" description="User Register and Login and Create Article, then navigate to Delete page and click 'Delete' button, expected: Article Deleted from Article List" executed="True" result="Success" success="True" time="14.388" asserts="1">
                        <properties>
                          <property name="Priority" value="1" />
                          <property name="Test scenario number:" value="8" />
                          <property name="Delete test number:" value="1" />
                          <property name="Description" value="User Register and Login and Create Article, then navigate to Delete page and click 'Delete' button, expected: Article Deleted from Article List" />
                          <property name="Author" value="vankatabe" />
                        </properties>
                      </test-case>
                    </results>
                  </test-suite>
                  <test-suite type="TestFixture" name="EditPageTests" executed="True" result="Success" success="True" time="9.771" asserts="3">
                    <results>
                      <test-case name="Blog.UI.Tests.EditPageTests.Edit_ChangeContent_ContentChanged" description="User Register and Login and Create Article, then navigate to Edit page and enter 'Edited' as Article content, expected: Article content changed to 'Edited'" executed="True" result="Success" success="True" time="5.451" asserts="2">
                        <properties>
                          <property name="Priority" value="1" />
                          <property name="Test scenario number:" value="7" />
                          <property name="Edit test number:" value="1" />
                          <property name="Description" value="User Register and Login and Create Article, then navigate to Edit page and enter 'Edited' as Article content, expected: Article content changed to 'Edited'" />
                          <property name="Author" value="vankatabe" />
                        </properties>
                      </test-case>
                      <test-case name="Blog.UI.Tests.EditPageTests.Edit_ClickEdit_EditPageLoaded" description="User Register and Login, then navigate to Create page web address and enter valid data to create article, then navigates to his article and clicks Edit, expected: Navigates to Edit page" executed="True" result="Success" success="True" time="4.315" asserts="1">
                        <properties>
                          <property name="Priority" value="1" />
                          <property name="Test scenario number:" value="4" />
                          <property name="Create test number:" value="1" />
                          <property name="Description" value="User Register and Login, then navigate to Create page web address and enter valid data to create article, then navigates to his article and clicks Edit, expected: Navigates to Edit page" />
                          <property name="Author" value="Mario Georgiev" />
                        </properties>
                      </test-case>
                    </results>
                  </test-suite>
                  <test-suite type="TestFixture" name="HomePageTests" executed="True" result="Failure" success="False" time="43.634" asserts="4">
                    <failure>
                      <message><![CDATA[One or more child tests had errors]]></message>
                      <stack-trace />
                    </failure>
                    <results>
                      <test-case name="Blog.UI.Tests.HomePageTests.CheckWebSiteLoad_EnterBlogURL_OpenBlogHomePage" description="Navigate to Blog web address, expected: Blog homepage open and Logo present" executed="True" result="Success" success="True" time="0.367" asserts="2">
                        <properties>
                          <property name="Priority" value="1" />
                          <property name="Test scenario number:" value="9" />
                          <property name="Homepage test number:" value="1" />
                          <property name="Description" value="Navigate to Blog web address, expected: Blog homepage open and Logo present" />
                          <property name="Author" value="vankatabe" />
                        </properties>
                      </test-case>
                      <test-case name="Blog.UI.Tests.HomePageTests.Home_ClickLogin_LoginLoaded" description="Navigate to Blog web address, and click Log in, expected: navigates to Log in page" executed="True" result="Error" success="False" time="11.529" asserts="0">
                        <properties>
                          <property name="Priority" value="1" />
                          <property name="Test scenario number:" value="9" />
                          <property name="Homepage test number:" value="1" />
                          <property name="Description" value="Navigate to Blog web address, and click Log in, expected: navigates to Log in page" />
                          <property name="Author" value="Mario Georgiev" />
                        </properties>
                        <failure>
                          <message><![CDATA[OpenQA.Selenium.WebDriverTimeoutException : Timed out after 10 seconds
  ----> OpenQA.Selenium.NoSuchElementException : Unable to locate element: #loginLink]]></message>
                          <stack-trace><![CDATA[   at OpenQA.Selenium.Support.UI.DefaultWait`1.ThrowTimeoutException(String exceptionMessage, Exception lastException)
   at OpenQA.Selenium.Support.UI.DefaultWait`1.Until[TResult](Func`2 condition)
   at Blog.UI.Tests.Pages.HomePage.HomePage.get_LoginLink() in C:\Users\vaneto\Documents\Visual Studio 2015\Projects\Blog-Skeleton\Blog-Skeleton\Blog.UI.Tests\Pages\HomePage\HomePageMap.cs:line 44
   at Blog.UI.Tests.Pages.HomePage.HomePage.OpenLoginPage() in C:\Users\vaneto\Documents\Visual Studio 2015\Projects\Blog-Skeleton\Blog-Skeleton\Blog.UI.Tests\Pages\HomePage\HomePage.cs:line 31
   at Blog.UI.Tests.HomePageTests.Home_ClickLogin_LoginLoaded() in C:\Users\vaneto\Documents\Visual Studio 2015\Projects\Blog-Skeleton\Blog-Skeleton\Blog.UI.Tests\HomePageTests.cs:line 78
--NoSuchElementException
   at OpenQA.Selenium.Remote.RemoteWebDriver.UnpackAndThrowOnError(Response errorResponse)
   at OpenQA.Selenium.Remote.RemoteWebDriver.Execute(String driverCommandToExecute, Dictionary`2 parameters)
   at OpenQA.Selenium.Remote.RemoteWebDriver.FindElement(String mechanism, String value)
   at Blog.UI.Tests.Pages.HomePage.HomePage.<>c.<get_LoginLink>b__13_0(IWebDriver w) in C:\Users\vaneto\Documents\Visual Studio 2015\Projects\Blog-Skeleton\Blog-Skeleton\Blog.UI.Tests\Pages\HomePage\HomePageMap.cs:line 44
   at OpenQA.Selenium.Support.UI.DefaultWait`1.Until[TResult](Func`2 condition)]]></stack-trace>
                        </failure>
                      </test-case>
                      <test-case name="Blog.UI.Tests.HomePageTests.Home_ClickOnAccount_ManagePageLoaded" description="Register with valid User credentials where User Logs-in automatically and press his Account Name link, expected: User navigates to Manage page" executed="True" result="Success" success="True" time="4.162" asserts="1">
                        <properties>
                          <property name="Priority" value="1" />
                          <property name="Test scenario number:" value="6" />
                          <property name="Logoff test number:" value="1" />
                          <property name="Description" value="Register with valid User credentials where User Logs-in automatically and press his Account Name link, expected: User navigates to Manage page" />
                          <property name="Author" value="Mario Georgiev" />
                        </properties>
                      </test-case>
                      <test-case name="Blog.UI.Tests.HomePageTests.Home_ClickRegister_RegisterLoaded" description="Navigate to Blog web address, and click Register, expected: navigates to Register page" executed="True" result="Error" success="False" time="11.501" asserts="0">
                        <properties>
                          <property name="Priority" value="1" />
                          <property name="Test scenario number:" value="9" />
                          <property name="Homepage test number:" value="1" />
                          <property name="Description" value="Navigate to Blog web address, and click Register, expected: navigates to Register page" />
                          <property name="Author" value="Mario Georgiev" />
                        </properties>
                        <failure>
                          <message><![CDATA[OpenQA.Selenium.WebDriverTimeoutException : Timed out after 10 seconds
  ----> OpenQA.Selenium.NoSuchElementException : Unable to locate element: #registerLink]]></message>
                          <stack-trace><![CDATA[   at OpenQA.Selenium.Support.UI.DefaultWait`1.ThrowTimeoutException(String exceptionMessage, Exception lastException)
   at OpenQA.Selenium.Support.UI.DefaultWait`1.Until[TResult](Func`2 condition)
   at Blog.UI.Tests.Pages.HomePage.HomePage.get_RegisterLink() in C:\Users\vaneto\Documents\Visual Studio 2015\Projects\Blog-Skeleton\Blog-Skeleton\Blog.UI.Tests\Pages\HomePage\HomePageMap.cs:line 52
   at Blog.UI.Tests.Pages.HomePage.HomePage.OpenRegistrationPage() in C:\Users\vaneto\Documents\Visual Studio 2015\Projects\Blog-Skeleton\Blog-Skeleton\Blog.UI.Tests\Pages\HomePage\HomePage.cs:line 36
   at Blog.UI.Tests.HomePageTests.Home_ClickRegister_RegisterLoaded() in C:\Users\vaneto\Documents\Visual Studio 2015\Projects\Blog-Skeleton\Blog-Skeleton\Blog.UI.Tests\HomePageTests.cs:line 99
--NoSuchElementException
   at OpenQA.Selenium.Remote.RemoteWebDriver.UnpackAndThrowOnError(Response errorResponse)
   at OpenQA.Selenium.Remote.RemoteWebDriver.Execute(String driverCommandToExecute, Dictionary`2 parameters)
   at OpenQA.Selenium.Remote.RemoteWebDriver.FindElement(String mechanism, String value)
   at Blog.UI.Tests.Pages.HomePage.HomePage.<>c.<get_RegisterLink>b__15_0(IWebDriver w) in C:\Users\vaneto\Documents\Visual Studio 2015\Projects\Blog-Skeleton\Blog-Skeleton\Blog.UI.Tests\Pages\HomePage\HomePageMap.cs:line 52
   at OpenQA.Selenium.Support.UI.DefaultWait`1.Until[TResult](Func`2 condition)]]></stack-trace>
                        </failure>
                      </test-case>
                      <test-case name="Blog.UI.Tests.HomePageTests.Home_CreateArticle_ReadArticle" description="User Register and Login, then navigate to Create page web address and enter valid data to create article, then navigates to his article, expected: Navigates to own article" executed="True" result="Error" success="False" time="3.511" asserts="0">
                        <properties>
                          <property name="Priority" value="1" />
                          <property name="Test scenario number:" value="4" />
                          <property name="Create test number:" value="1" />
                          <property name="Description" value="User Register and Login, then navigate to Create page web address and enter valid data to create article, then navigates to his article, expected: Navigates to own article" />
                          <property name="Author" value="Mario Georgiev" />
                        </properties>
                        <failure>
                          <message><![CDATA[OpenQA.Selenium.StaleElementReferenceException : The element reference of <a> stale: either the element is no longer attached to the DOM or the page has been refreshed]]></message>
                          <stack-trace><![CDATA[   at OpenQA.Selenium.Remote.RemoteWebDriver.UnpackAndThrowOnError(Response errorResponse)
   at OpenQA.Selenium.Remote.RemoteWebDriver.Execute(String driverCommandToExecute, Dictionary`2 parameters)
   at OpenQA.Selenium.Remote.RemoteWebElement.get_Text()
   at Blog.UI.Tests.Pages.CreatePage.CreatePageAsserter.AssertArticleIsDisplayed(CreatePage page, IWebElement title, String text) in C:\Users\vaneto\Documents\Visual Studio 2015\Projects\Blog-Skeleton\Blog-Skeleton\Blog.UI.Tests\Pages\CreatePage\CreatePageAsserter.cs:line 15
   at Blog.UI.Tests.HomePageTests.Home_CreateArticle_ReadArticle() in C:\Users\vaneto\Documents\Visual Studio 2015\Projects\Blog-Skeleton\Blog-Skeleton\Blog.UI.Tests\HomePageTests.cs:line 127]]></stack-trace>
                        </failure>
                      </test-case>
                      <test-case name="Blog.UI.Tests.HomePageTests.Home_LogoClick_HomePageLoaded" description="Navigate to Blog web address, and click the Logo, expected: navigates to Home page" executed="True" result="Error" success="False" time="12.553" asserts="1">
                        <properties>
                          <property name="Priority" value="1" />
                          <property name="Test scenario number:" value="9" />
                          <property name="Homepage test number:" value="1" />
                          <property name="Description" value="Navigate to Blog web address, and click the Logo, expected: navigates to Home page" />
                          <property name="Author" value="Mario Georgiev" />
                        </properties>
                        <failure>
                          <message><![CDATA[OpenQA.Selenium.WebDriverTimeoutException : Timed out after 10 seconds
  ----> OpenQA.Selenium.NoSuchElementException : Unable to locate element: #loginLink]]></message>
                          <stack-trace><![CDATA[   at OpenQA.Selenium.Support.UI.DefaultWait`1.ThrowTimeoutException(String exceptionMessage, Exception lastException)
   at OpenQA.Selenium.Support.UI.DefaultWait`1.Until[TResult](Func`2 condition)
   at Blog.UI.Tests.Pages.HomePage.HomePage.get_LoginLink() in C:\Users\vaneto\Documents\Visual Studio 2015\Projects\Blog-Skeleton\Blog-Skeleton\Blog.UI.Tests\Pages\HomePage\HomePageMap.cs:line 44
   at Blog.UI.Tests.HomePageTests.Home_LogoClick_HomePageLoaded() in C:\Users\vaneto\Documents\Visual Studio 2015\Projects\Blog-Skeleton\Blog-Skeleton\Blog.UI.Tests\HomePageTests.cs:line 175
--NoSuchElementException
   at OpenQA.Selenium.Remote.RemoteWebDriver.UnpackAndThrowOnError(Response errorResponse)
   at OpenQA.Selenium.Remote.RemoteWebDriver.Execute(String driverCommandToExecute, Dictionary`2 parameters)
   at OpenQA.Selenium.Remote.RemoteWebDriver.FindElement(String mechanism, String value)
   at Blog.UI.Tests.Pages.HomePage.HomePage.<>c.<get_LoginLink>b__13_0(IWebDriver w) in C:\Users\vaneto\Documents\Visual Studio 2015\Projects\Blog-Skeleton\Blog-Skeleton\Blog.UI.Tests\Pages\HomePage\HomePageMap.cs:line 44
   at OpenQA.Selenium.Support.UI.DefaultWait`1.Until[TResult](Func`2 condition)]]></stack-trace>
                        </failure>
                      </test-case>
                    </results>
                  </test-suite>
                  <test-suite type="TestFixture" name="LoginPageTests" executed="True" result="Success" success="True" time="6.007" asserts="6">
                    <results>
                      <test-case name="Blog.UI.Tests.LoginPageTests.Login_Blank_Email_Login_Unsuccessful" description="Navigate to Login page web address and enter an ibvalid Email but valid Password, expected: Login unsuccessful and Password field required message" executed="True" result="Success" success="True" time="1.448" asserts="2">
                        <properties>
                          <property name="Priority" value="1" />
                          <property name="Test scenario number:" value="3" />
                          <property name="Login test number:" value="2" />
                          <property name="Description" value="Navigate to Login page web address and enter an ibvalid Email but valid Password, expected: Login unsuccessful and Password field required message" />
                          <property name="Author" value="Mario Georgiev" />
                        </properties>
                      </test-case>
                      <test-case name="Blog.UI.Tests.LoginPageTests.Login_InvalidPassword_LoginUnsuccessful" description="Navigate to Login page web address and enter a valid Email but invalid Password, expected: Login unsuccessful and Password field required message" executed="True" result="Success" success="True" time="1.536" asserts="2">
                        <properties>
                          <property name="Priority" value="1" />
                          <property name="Test scenario number:" value="3" />
                          <property name="Login test number:" value="2" />
                          <property name="Description" value="Navigate to Login page web address and enter a valid Email but invalid Password, expected: Login unsuccessful and Password field required message" />
                          <property name="Author" value="Mario Georgiev" />
                        </properties>
                      </test-case>
                      <test-case name="Blog.UI.Tests.LoginPageTests.Login_ValidCredentials_LoginSuccessful" description="Navigate to Login page web address and enter valid registered User credentials, expected: User logged and greeting displayed" executed="True" result="Success" success="True" time="3.018" asserts="2">
                        <properties>
                          <property name="Priority" value="1" />
                          <property name="Test scenario number:" value="3" />
                          <property name="Login test number:" value="1" />
                          <property name="Description" value="Navigate to Login page web address and enter valid registered User credentials, expected: User logged and greeting displayed" />
                          <property name="Author" value="vankatabe" />
                        </properties>
                      </test-case>
                    </results>
                  </test-suite>
                  <test-suite type="TestFixture" name="LogoffTests" executed="True" result="Success" success="True" time="2.637" asserts="2">
                    <results>
                      <test-case name="Blog.UI.Tests.LogoffTests.Logoff_ClickLogoffLink_LogoffSuccessful" description="Register with valid User credentials where User Logs-in automatically and press Logoff link, expected: User logged-off and Login link displayed" executed="True" result="Success" success="True" time="2.635" asserts="2">
                        <properties>
                          <property name="Priority" value="1" />
                          <property name="Test scenario number:" value="6" />
                          <property name="Logoff test number:" value="1" />
                          <property name="Description" value="Register with valid User credentials where User Logs-in automatically and press Logoff link, expected: User logged-off and Login link displayed" />
                          <property name="Author" value="vankatabe" />
                        </properties>
                      </test-case>
                    </results>
                  </test-suite>
                  <test-suite type="TestFixture" name="ManagePageTests" executed="True" result="Success" success="True" time="4.513" asserts="2">
                    <results>
                      <test-case name="Blog.UI.Tests.ManagePageTests.Manage_ClickAccount_NavigateToManagePage" description="User creates an account, logs in and enters Manage panel, then selects Change password, expected: Navigate to Change password page" executed="True" result="Success" success="True" time="4.511" asserts="2">
                        <properties>
                          <property name="Priority" value="1" />
                          <property name="Test scenario number:" value="3" />
                          <property name="Login test number:" value="2" />
                          <property name="Description" value="User creates an account, logs in and enters Manage panel, then selects Change password, expected: Navigate to Change password page" />
                          <property name="Author" value="Mario Georgiev" />
                        </properties>
                      </test-case>
                    </results>
                  </test-suite>
                  <test-suite type="TestFixture" name="RegisterPageTests" executed="True" result="Success" success="True" time="7.516" asserts="12">
                    <results>
                      <test-case name="Blog.UI.Tests.RegisterPageTests.Register_UniqueCredentials_RegisterSuccessful" description="Navigate to Registration page web address and populate fields with valid input, expected: Account registered and User Logged automatially" executed="True" result="Success" success="True" time="1.489" asserts="2">
                        <properties>
                          <property name="Priority" value="1" />
                          <property name="Test scenario number:" value="2" />
                          <property name="Registration test number:" value="1" />
                          <property name="Description" value="Navigate to Registration page web address and populate fields with valid input, expected: Account registered and User Logged automatially" />
                          <property name="Author" value="vankatabe" />
                        </properties>
                      </test-case>
                      <test-case name="Blog.UI.Tests.RegisterPageTests.Register_Without_ConfirmPassword" description="Navigate to Registration page web address and popualte fields with valid data while leaving Confirm Passwordd field empty, exected: Account not registered and Password missmatch message displayed" executed="True" result="Success" success="True" time="1.544" asserts="2">
                        <properties>
                          <property name="Priority" value="1" />
                          <property name="Test scenario number:" value="2" />
                          <property name="Registration test number:" value="5" />
                          <property name="Description" value="Navigate to Registration page web address and popualte fields with valid data while leaving Confirm Passwordd field empty, exected: Account not registered and Password missmatch message displayed" />
                          <property name="Author" value="Mario Georgiev" />
                        </properties>
                      </test-case>
                      <test-case name="Blog.UI.Tests.RegisterPageTests.Register_Without_Email" description="Navigate to Registration page web address and popualte fields with valid data while leaving Email field empty, exected: Account not registered and Email field required message displayed" executed="True" result="Success" success="True" time="1.483" asserts="2">
                        <properties>
                          <property name="Priority" value="1" />
                          <property name="Test scenario number:" value="2" />
                          <property name="Registration test number:" value="2" />
                          <property name="Description" value="Navigate to Registration page web address and popualte fields with valid data while leaving Email field empty, exected: Account not registered and Email field required message displayed" />
                          <property name="Author" value="Mario Georgiev" />
                        </properties>
                      </test-case>
                      <test-case name="Blog.UI.Tests.RegisterPageTests.Register_Without_FullName" description="Navigate to Registration page web address and populate fields with valid data while leaving Full Name field empty, exected: Account not registered and Full Name field required message displayed" executed="True" result="Success" success="True" time="1.535" asserts="2">
                        <properties>
                          <property name="Priority" value="1" />
                          <property name="Test scenario number:" value="2" />
                          <property name="Registration test number:" value="3" />
                          <property name="Description" value="Navigate to Registration page web address and populate fields with valid data while leaving Full Name field empty, exected: Account not registered and Full Name field required message displayed" />
                          <property name="Author" value="Mario Georgiev" />
                        </properties>
                      </test-case>
                      <test-case name="Blog.UI.Tests.RegisterPageTests.Register_Without_Password" description="Navigate to Registration page web address and popualte fields with valid data while leaving Passwordd field empty, exected: Account not registered and Password field required message displayed, and Password missmatch message displayed" executed="True" result="Success" success="True" time="1.455" asserts="4">
                        <properties>
                          <property name="Priority" value="1" />
                          <property name="Test scenario number:" value="2" />
                          <property name="Registration test number:" value="4" />
                          <property name="Description" value="Navigate to Registration page web address and popualte fields with valid data while leaving Passwordd field empty, exected: Account not registered and Password field required message displayed, and Password missmatch message displayed" />
                          <property name="Author" value="Mario Georgiev" />
                        </properties>
                      </test-case>
                    </results>
                  </test-suite>
                  <test-suite type="TestSuite" name="SpecFlowTests" executed="True" result="Success" success="True" time="109.076" asserts="2">
                    <results>
                      <test-suite type="TestFixture" name="OpenHomePageFeature" description="OpenHomePage" executed="True" result="Success" success="True" time="0.676" asserts="2">
                        <properties>
                          <property name="Description" value="OpenHomePage" />
                        </properties>
                        <results>
                          <test-case name="Blog.UI.Tests.SpecFlowTests.OpenHomePageFeature.CheckWebSiteLoad_EnterBlogURL_OpenBlogHomePage" description="Check WebSite Load _ Enter Blog URL _ Open Blog Home Page" executed="True" result="Success" success="True" time="0.535" asserts="2">
                            <categories>
                              <category name="Regression" />
                            </categories>
                            <properties>
                              <property name="Description" value="Check WebSite Load _ Enter Blog URL _ Open Blog Home Page" />
                            </properties>
                          </test-case>
                        </results>
                      </test-suite>
                    </results>
                  </test-suite>
                </results>
              </test-suite>
            </results>
          </test-suite>
        </results>
      </test-suite>
    </results>
  </test-suite>
</test-results>